This file contains any messages produced by compilers while
running configure, to aid debugging if configure makes a mistake.

It was created by libgcrypt configure 1.10.1, which was
generated by GNU Autoconf 2.69.  Invocation command line was

  $ ./configure 

## --------- ##
## Platform. ##
## --------- ##

hostname = DESKTOP-VCRP74U
uname -m = x86_64
uname -r = 5.10.16.3-microsoft-standard-WSL2
uname -s = Linux
uname -v = #1 SMP Fri Apr 2 22:23:49 UTC 2021

/usr/bin/uname -p = x86_64
/bin/uname -X     = unknown

/bin/arch              = x86_64
/usr/bin/arch -k       = unknown
/usr/convex/getsysinfo = unknown
/usr/bin/hostinfo      = unknown
/bin/machine           = unknown
/usr/bin/oslevel       = unknown
/bin/universe          = unknown

PATH: /usr/local/sbin
PATH: /usr/local/bin
PATH: /usr/sbin
PATH: /usr/bin
PATH: /sbin
PATH: /bin
PATH: /usr/games
PATH: /usr/local/games
PATH: /usr/lib/wsl/lib
PATH: /mnt/c/Program Files/Java/jdk1.8.0_331/bin
PATH: /mnt/c/Program Files/Common Files/Oracle/Java/javapath
PATH: /mnt/c/Program Files (x86)/Common Files/Oracle/Java/javapath
PATH: /mnt/c/Windows/system32
PATH: /mnt/c/Windows
PATH: /mnt/c/Windows/System32/Wbem
PATH: /mnt/c/Windows/System32/WindowsPowerShell/v1.0/
PATH: /mnt/c/Windows/System32/OpenSSH/
PATH: /mnt/c/Program Files/Git/cmd
PATH: /mnt/c/Program Files/mingw64
PATH: /mnt/c/Program Files/dotnet/
PATH: /mnt/c/Users/Tip/AppData/Local/Programs/Python/Python310/Scripts/
PATH: /mnt/c/Users/Tip/AppData/Local/Programs/Python/Python310/
PATH: /mnt/c/Ruby30-x64/bin
PATH: /mnt/c/Users/Tip/AppData/Local/Microsoft/WindowsApps
PATH: /mnt/c/Users/Tip/AppData/Local/Programs/Microsoft VS Code/bin
PATH: /mnt/d/apache-maven-3.8.5/bin
PATH: /mnt/c/Users/Tip/AppData/Local/JetBrains/Toolbox/scripts
PATH: /snap/bin
PATH: /usr/local/go/bin
PATH: /home/luwei/godir/bin


## ----------- ##
## Core tests. ##
## ----------- ##

configure:2758: checking for a BSD-compatible install
configure:2826: result: /usr/bin/install -c
configure:2837: checking whether build environment is sane
configure:2892: result: yes
configure:3036: checking for a thread-safe mkdir -p
configure:3075: result: /usr/bin/mkdir -p
configure:3082: checking for gawk
configure:3098: found /usr/bin/gawk
configure:3109: result: gawk
configure:3120: checking whether make sets $(MAKE)
configure:3142: result: yes
configure:3171: checking whether make supports nested variables
configure:3188: result: yes
configure:3322: checking build system type
configure:3336: result: x86_64-pc-linux-gnu
configure:3356: checking host system type
configure:3369: result: x86_64-pc-linux-gnu
configure:3390: checking whether to enable maintainer-specific portions of Makefiles
configure:3399: result: no
configure:3423: checking whether make supports nested variables
configure:3440: result: yes
configure:3465: checking whether make sets $(MAKE)
configure:3487: result: yes
configure:3558: checking for gcc
configure:3585: result: gclang
configure:3814: checking for C compiler version
configure:3823: gclang --version >&5
Ubuntu clang version 12.0.0-3ubuntu1~20.04.5
Target: x86_64-pc-linux-gnu
Thread model: posix
InstalledDir: /usr/lib/llvm-12/bin
configure:3834: $? = 0
configure:3823: gclang -v >&5
Ubuntu clang version 12.0.0-3ubuntu1~20.04.5
Target: x86_64-pc-linux-gnu
Thread model: posix
InstalledDir: /usr/lib/llvm-12/bin
Found candidate GCC installation: /usr/lib/gcc/x86_64-linux-gnu/11
Found candidate GCC installation: /usr/lib/gcc/x86_64-linux-gnu/9
Selected GCC installation: /usr/lib/gcc/x86_64-linux-gnu/11
Candidate multilib: .;@m64
Selected multilib: .;@m64
configure:3834: $? = 0
configure:3823: gclang -V >&5
WARNING:Did not recognize the compiler flag: -V
clang: error: argument to '-V' is missing (expected 1 value)
clang: error: no input files
ERROR:Failed to compile using given arguments:
/usr/lib/llvm-12/bin/clang [-V]
exit status: exit status 1
configure:3834: $? = 1
configure:3823: gclang -qversion >&5
WARNING:Did not recognize the compiler flag: -qversion
clang: error: unknown argument '-qversion'; did you mean '--version'?
clang: error: no input files
ERROR:Failed to compile using given arguments:
/usr/lib/llvm-12/bin/clang [-qversion]
exit status: exit status 1
configure:3834: $? = 1
configure:3854: checking whether the C compiler works
configure:3876: gclang    conftest.c  >&5
configure:3880: $? = 0
configure:3928: result: yes
configure:3931: checking for C compiler default output file name
configure:3933: result: a.out
configure:3939: checking for suffix of executables
configure:3946: gclang -o conftest    conftest.c  >&5
configure:3950: $? = 0
configure:3972: result: 
configure:3994: checking whether we are cross compiling
configure:4002: gclang -o conftest    conftest.c  >&5
configure:4006: $? = 0
configure:4013: ./conftest
configure:4017: $? = 0
configure:4005: result: no
configure:4010: checking for suffix of object files
configure:4032: gclang -c   conftest.c >&5
configure:4036: $? = 0
configure:4057: result: o
configure:4061: checking whether we are using the GNU C compiler
configure:4080: gclang -c   conftest.c >&5
configure:4080: $? = 0
configure:4089: result: yes
configure:4098: checking whether gclang accepts -g
configure:4118: gclang -c -g  conftest.c >&5
configure:4118: $? = 0
configure:4159: result: yes
configure:4176: checking for gclang option to accept ISO C89
configure:4239: gclang  -c -g -O2  conftest.c >&5
configure:4239: $? = 0
configure:4252: result: none needed
configure:4277: checking whether gclang understands -c and -o together
configure:4299: gclang -c conftest.c -o conftest2.o
configure:4302: $? = 0
configure:4299: gclang -c conftest.c -o conftest2.o
configure:4302: $? = 0
configure:4314: result: yes
configure:4334: checking whether make supports the include directive
configure:4349: make -f confmf.GNU && cat confinc.out
this is the am__doit target
configure:4352: $? = 0
configure:4371: result: yes (GNU style)
configure:4396: checking dependency style of gclang
configure:4507: result: gcc3
configure:4527: checking how to run the C preprocessor
configure:4558: gclang -E  conftest.c
configure:4558: $? = 0
configure:4572: gclang -E  conftest.c
conftest.c:11:10: fatal error: 'ac_nonexistent.h' file not found
#include <ac_nonexistent.h>
         ^~~~~~~~~~~~~~~~~~
1 error generated.
ERROR:Failed to compile using given arguments:
/usr/lib/llvm-12/bin/clang [-E conftest.c]
exit status: exit status 1
configure:4572: $? = 1
configure: failed program was:
| /* confdefs.h */
| #define PACKAGE_NAME "libgcrypt"
| #define PACKAGE_TARNAME "libgcrypt"
| #define PACKAGE_VERSION "1.10.1"
| #define PACKAGE_STRING "libgcrypt 1.10.1"
| #define PACKAGE_BUGREPORT "https://bugs.gnupg.org"
| #define PACKAGE_URL ""
| #define PACKAGE "libgcrypt"
| #define VERSION "1.10.1"
| /* end confdefs.h.  */
| #include <ac_nonexistent.h>
configure:4597: result: gclang -E
configure:4617: gclang -E  conftest.c
configure:4617: $? = 0
configure:4631: gclang -E  conftest.c
conftest.c:11:10: fatal error: 'ac_nonexistent.h' file not found
#include <ac_nonexistent.h>
         ^~~~~~~~~~~~~~~~~~
1 error generated.
ERROR:Failed to compile using given arguments:
/usr/lib/llvm-12/bin/clang [-E conftest.c]
exit status: exit status 1
configure:4631: $? = 1
configure: failed program was:
| /* confdefs.h */
| #define PACKAGE_NAME "libgcrypt"
| #define PACKAGE_TARNAME "libgcrypt"
| #define PACKAGE_VERSION "1.10.1"
| #define PACKAGE_STRING "libgcrypt 1.10.1"
| #define PACKAGE_BUGREPORT "https://bugs.gnupg.org"
| #define PACKAGE_URL ""
| #define PACKAGE "libgcrypt"
| #define VERSION "1.10.1"
| /* end confdefs.h.  */
| #include <ac_nonexistent.h>
configure:4669: checking dependency style of gclang
configure:4778: result: gcc3
configure:4794: checking for library containing strerror
configure:4825: gclang -o conftest -g -O2   conftest.c  >&5
conftest.c:18:6: warning: incompatible redeclaration of library function 'strerror' [-Wincompatible-library-redeclaration]
char strerror ();
     ^
conftest.c:18:6: note: 'strerror' is a builtin with type 'char *(int)'
1 warning generated.
conftest.c:18:6: warning: incompatible redeclaration of library function 'strerror' [-Wincompatible-library-redeclaration]
char strerror ();
     ^
conftest.c:18:6: note: 'strerror' is a builtin with type 'char *(int)'
1 warning generated.
conftest.c:18:6: warning: incompatible redeclaration of library function 'strerror' [-Wincompatible-library-redeclaration]
char strerror ();
     ^
conftest.c:18:6: note: 'strerror' is a builtin with type 'char *(int)'
1 warning generated.
configure:4825: $? = 0
configure:4842: result: none required
configure:4855: checking for gawk
configure:4882: result: gawk
configure:4895: checking for grep that handles long lines and -e
configure:4953: result: /usr/bin/grep
configure:4958: checking for egrep
configure:5020: result: /usr/bin/grep -E
configure:5025: checking for ANSI C header files
configure:5045: gclang -c -g -O2  conftest.c >&5
configure:5045: $? = 0
configure:5118: gclang -o conftest -g -O2   conftest.c  >&5
configure:5118: $? = 0
configure:5118: ./conftest
configure:5118: $? = 0
configure:5129: result: yes
configure:5142: checking for sys/types.h
configure:5142: gclang -c -g -O2  conftest.c >&5
configure:5142: $? = 0
configure:5142: result: yes
configure:5142: checking for sys/stat.h
configure:5142: gclang -c -g -O2  conftest.c >&5
configure:5142: $? = 0
configure:5142: result: yes
configure:5142: checking for stdlib.h
configure:5142: gclang -c -g -O2  conftest.c >&5
configure:5142: $? = 0
configure:5142: result: yes
configure:5142: checking for string.h
configure:5142: gclang -c -g -O2  conftest.c >&5
configure:5142: $? = 0
configure:5142: result: yes
configure:5142: checking for memory.h
configure:5142: gclang -c -g -O2  conftest.c >&5
configure:5142: $? = 0
configure:5142: result: yes
configure:5142: checking for strings.h
configure:5142: gclang -c -g -O2  conftest.c >&5
configure:5142: $? = 0
configure:5142: result: yes
configure:5142: checking for inttypes.h
configure:5142: gclang -c -g -O2  conftest.c >&5
configure:5142: $? = 0
configure:5142: result: yes
configure:5142: checking for stdint.h
configure:5142: gclang -c -g -O2  conftest.c >&5
configure:5142: $? = 0
configure:5142: result: yes
configure:5142: checking for unistd.h
configure:5142: gclang -c -g -O2  conftest.c >&5
configure:5142: $? = 0
configure:5142: result: yes
configure:5155: checking minix/config.h usability
configure:5155: gclang -c -g -O2  conftest.c >&5
conftest.c:54:10: fatal error: 'minix/config.h' file not found
#include <minix/config.h>
         ^~~~~~~~~~~~~~~~
1 error generatedconftest.c.
:54:10: fatal error: 'minix/config.h' file not found
#include <minix/config.h>
         ^~~~~~~~~~~~~~~~
1 error generated.
ERROR:Failed to build bitcode file for conftest.c because: exit status 1
ERROR:Failed to compile using given arguments:
/usr/lib/llvm-12/bin/clang [-c -g -O2 conftest.c]
exit status: exit status 1
configure:5155: $? = 1
configure: failed program was:
| /* confdefs.h */
| #define PACKAGE_NAME "libgcrypt"
| #define PACKAGE_TARNAME "libgcrypt"
| #define PACKAGE_VERSION "1.10.1"
| #define PACKAGE_STRING "libgcrypt 1.10.1"
| #define PACKAGE_BUGREPORT "https://bugs.gnupg.org"
| #define PACKAGE_URL ""
| #define PACKAGE "libgcrypt"
| #define VERSION "1.10.1"
| #define STDC_HEADERS 1
| #define HAVE_SYS_TYPES_H 1
| #define HAVE_SYS_STAT_H 1
| #define HAVE_STDLIB_H 1
| #define HAVE_STRING_H 1
| #define HAVE_MEMORY_H 1
| #define HAVE_STRINGS_H 1
| #define HAVE_INTTYPES_H 1
| #define HAVE_STDINT_H 1
| #define HAVE_UNISTD_H 1
| /* end confdefs.h.  */
| #include <stdio.h>
| #ifdef HAVE_SYS_TYPES_H
| # include <sys/types.h>
| #endif
| #ifdef HAVE_SYS_STAT_H
| # include <sys/stat.h>
| #endif
| #ifdef STDC_HEADERS
| # include <stdlib.h>
| # include <stddef.h>
| #else
| # ifdef HAVE_STDLIB_H
| #  include <stdlib.h>
| # endif
| #endif
| #ifdef HAVE_STRING_H
| # if !defined STDC_HEADERS && defined HAVE_MEMORY_H
| #  include <memory.h>
| # endif
| # include <string.h>
| #endif
| #ifdef HAVE_STRINGS_H
| # include <strings.h>
| #endif
| #ifdef HAVE_INTTYPES_H
| # include <inttypes.h>
| #endif
| #ifdef HAVE_STDINT_H
| # include <stdint.h>
| #endif
| #ifdef HAVE_UNISTD_H
| # include <unistd.h>
| #endif
| #include <minix/config.h>
configure:5155: result: no
configure:5155: checking minix/config.h presence
configure:5155: gclang -E  conftest.c
conftest.c:21:10: fatal error: 'minix/config.h' file not found
#include <minix/config.h>
         ^~~~~~~~~~~~~~~~
1 error generated.
ERROR:Failed to compile using given arguments:
/usr/lib/llvm-12/bin/clang [-E conftest.c]
exit status: exit status 1
configure:5155: $? = 1
configure: failed program was:
| /* confdefs.h */
| #define PACKAGE_NAME "libgcrypt"
| #define PACKAGE_TARNAME "libgcrypt"
| #define PACKAGE_VERSION "1.10.1"
| #define PACKAGE_STRING "libgcrypt 1.10.1"
| #define PACKAGE_BUGREPORT "https://bugs.gnupg.org"
| #define PACKAGE_URL ""
| #define PACKAGE "libgcrypt"
| #define VERSION "1.10.1"
| #define STDC_HEADERS 1
| #define HAVE_SYS_TYPES_H 1
| #define HAVE_SYS_STAT_H 1
| #define HAVE_STDLIB_H 1
| #define HAVE_STRING_H 1
| #define HAVE_MEMORY_H 1
| #define HAVE_STRINGS_H 1
| #define HAVE_INTTYPES_H 1
| #define HAVE_STDINT_H 1
| #define HAVE_UNISTD_H 1
| /* end confdefs.h.  */
| #include <minix/config.h>
configure:5155: result: no
configure:5155: checking for minix/config.h
configure:5155: result: no
configure:5176: checking whether it is safe to define __EXTENSIONS__
configure:5194: gclang -c -g -O2  conftest.c >&5
configure:5194: $? = 0
configure:5201: result: yes
configure:5338: checking how to print strings
configure:5365: result: printf
configure:5386: checking for a sed that does not truncate output
configure:5450: result: /usr/bin/sed
configure:5468: checking for fgrep
configure:5530: result: /usr/bin/grep -F
configure:5565: checking for ld used by gclang
configure:5632: result: /usr/bin/ld
configure:5639: checking if the linker (/usr/bin/ld) is GNU ld
configure:5654: result: yes
configure:5666: checking for BSD- or MS-compatible name lister (nm)
configure:5715: result: /usr/bin/nm -B
configure:5845: checking the name lister (/usr/bin/nm -B) interface
configure:5852: gclang -c -g -O2  conftest.c >&5
configure:5855: /usr/bin/nm -B "conftest.o"
configure:5858: output
0000000000000000 B some_variable
configure:5859: result: BSD nm
configure:5862: checking whether ln -s works
configure:5866: result: yes
configure:5874: checking the maximum length of command line arguments
configure:6004: result: 1572864
configure:6021: checking whether the shell understands some XSI constructs
configure:6030: result: yes
configure:6034: checking whether the shell understands "+="
configure:6038: result: yes
configure:6073: checking how to convert x86_64-pc-linux-gnu file names to x86_64-pc-linux-gnu format
configure:6113: result: func_convert_file_noop
configure:6120: checking how to convert x86_64-pc-linux-gnu file names to toolchain format
configure:6140: result: func_convert_file_noop
configure:6147: checking for /usr/bin/ld option to reload object files
configure:6154: result: -r
configure:6228: checking for objdump
configure:6244: found /usr/bin/objdump
configure:6255: result: objdump
configure:6284: checking how to recognize dependent libraries
configure:6486: result: pass_all
configure:6571: checking for dlltool
configure:6601: result: no
configure:6628: checking how to associate runtime and link libraries
configure:6655: result: printf %s\n
configure:6715: checking for ar
configure:6731: found /usr/bin/ar
configure:6742: result: ar
configure:6779: checking for archiver @FILE support
configure:6796: gclang -c -g -O2  conftest.c >&5
configure:6796: $? = 0
configure:6799: ar cru libconftest.a @conftest.lst >&5
ar: `u' modifier ignored since `D' is the default (see `U')
configure:6802: $? = 0
configure:6807: ar cru libconftest.a @conftest.lst >&5
ar: `u' modifier ignored since `D' is the default (see `U')
ar: conftest.o: No such file or directory
configure:6810: $? = 1
configure:6809: result: @
configure:6867: checking for strip
configure:6883: found /usr/bin/strip
configure:6894: result: strip
configure:6966: checking for ranlib
configure:6982: found /usr/bin/ranlib
configure:6993: result: ranlib
configure:7095: checking command to parse /usr/bin/nm -B output from gclang object
configure:7215: gclang -c -g -O2  conftest.c >&5
configure:7218: $? = 0
configure:7222: /usr/bin/nm -B conftest.o \| sed -n -e 's/^.*[ ]\([ABCDGIRSTW][ABCDGIRSTW]*\)[ ][ ]*\([_A-Za-z][_A-Za-z0-9]*\)$/\1 \2 \2/p' | sed '/ __gnu_lto/d' \> conftest.nm
configure:7225: $? = 0
configure:7291: gclang -o conftest -g -O2   conftest.c conftstm.o >&5
configure:7294: $? = 0
configure:7332: result: ok
configure:7369: checking for sysroot
configure:7399: result: no
configure:7476: gclang -c -g -O2  conftest.c >&5
configure:7479: $? = 0
configure:7661: checking for mt
configure:7677: found /usr/bin/mt
configure:7688: result: mt
configure:7711: checking if mt is a manifest tool
configure:7717: mt '-?'
configure:7725: result: no
configure:8359: checking for dlfcn.h
configure:8359: gclang -c -g -O2  conftest.c >&5
configure:8359: $? = 0
configure:8359: result: yes
configure:8862: checking for objdir
configure:8877: result: .libs
configure:9148: checking if gclang supports -fno-rtti -fno-exceptions
configure:9166: gclang -c -g -O2  -fno-rtti -fno-exceptions conftest.c >&5
configure:9170: $? = 0
configure:9183: result: yes
configure:9510: checking for gclang option to produce PIC
configure:9517: result: -fPIC -DPIC
configure:9525: checking if gclang PIC flag -fPIC -DPIC works
configure:9543: gclang -c -g -O2  -fPIC -DPIC -DPIC conftest.c >&5
configure:9547: $? = 0
configure:9560: result: yes
configure:9589: checking if gclang static flag -static works
configure:9617: result: yes
configure:9632: checking if gclang supports -c -o file.o
configure:9653: gclang -c -g -O2  -o out/conftest2.o conftest.c >&5
configure:9657: $? = 0
configure:9679: result: yes
configure:9687: checking if gclang supports -c -o file.o
configure:9734: result: yes
configure:9767: checking whether the gclang linker (/usr/bin/ld -m elf_x86_64) supports shared libraries
configure:10924: result: yes
configure:10961: checking whether -lc should be explicitly linked in
configure:10969: gclang -c -g -O2  conftest.c >&5
configure:10972: $? = 0
configure:10987: gclang -shared  -fPIC -DPIC conftest.o  -v -Wl,-soname -Wl,conftest -o conftest 2\>\&1 \| /usr/bin/grep  -lc  \>/dev/null 2\>\&1
configure:10990: $? = 0
configure:11004: result: no
configure:11164: checking dynamic linker characteristics
configure:11695: gclang -o conftest -g -O2   -Wl,-rpath -Wl,/foo conftest.c  >&5
configure:11695: $? = 0
configure:11929: result: GNU/Linux ld.so
configure:12036: checking how to hardcode library paths into programs
configure:12061: result: immediate
configure:12601: checking whether stripping libraries is possible
configure:12606: result: yes
configure:12641: checking if libtool supports shared libraries
configure:12643: result: yes
configure:12646: checking whether to build shared libraries
configure:12667: result: yes
configure:12670: checking whether to build static libraries
configure:12674: result: no
configure:9728: checking for windres
configure:9758: result: no
configure:10054: checking whether byte ordering is bigendian
configure:10069: gclang -c -g -O2  conftest.c >&5
conftest.cconftest.c::2929::99::  errorerror: : unknown type name 'not'unknown type name 'not'

               not a universal capable compiler               not a universal capable compiler

               ^               ^

conftest.cconftest.c::2929::1414::  errorerror: : expected ';' after top level declaratorexpected ';' after top level declarator

               not a universal capable compiler               not a universal capable compiler

                    ^                    ^

                    ;                    ;

2 errors generated.
2 errors generated.
ERROR:Failed to compile using given arguments:
/usr/lib/llvm-12/bin/clang [-c -g -O2 conftest.c]
exit status: exit status 1
ERROR:Failed to build bitcode file for conftest.c because: exit status 1
configure:10069: $? = 1
configure: failed program was:
| /* confdefs.h */
| #define PACKAGE_NAME "libgcrypt"
| #define PACKAGE_TARNAME "libgcrypt"
| #define PACKAGE_VERSION "1.10.1"
| #define PACKAGE_STRING "libgcrypt 1.10.1"
| #define PACKAGE_BUGREPORT "https://bugs.gnupg.org"
| #define PACKAGE_URL ""
| #define PACKAGE "libgcrypt"
| #define VERSION "1.10.1"
| #define STDC_HEADERS 1
| #define HAVE_SYS_TYPES_H 1
| #define HAVE_SYS_STAT_H 1
| #define HAVE_STDLIB_H 1
| #define HAVE_STRING_H 1
| #define HAVE_MEMORY_H 1
| #define HAVE_STRINGS_H 1
| #define HAVE_INTTYPES_H 1
| #define HAVE_STDINT_H 1
| #define HAVE_UNISTD_H 1
| #define __EXTENSIONS__ 1
| #define _ALL_SOURCE 1
| #define _GNU_SOURCE 1
| #define _POSIX_PTHREAD_SEMANTICS 1
| #define _TANDEM_SOURCE 1
| #define HAVE_DLFCN_H 1
| #define LT_OBJDIR ".libs/"
| /* end confdefs.h.  */
| #ifndef __APPLE_CC__
| 	       not a universal capable compiler
| 	     #endif
| 	     typedef int dummy;
| 
configure:10114: gclang -c -g -O2  conftest.c >&5
configure:10114: $? = 0
configure:10132: gclang -c -g -O2  conftest.c >&5
conftest.cconftest.c::3535::44::  errorerror: : use of undeclared identifier 'not'use of undeclared identifier 'not'

                 not big endian                 not big endian

                 ^                 ^

1 error generated.
1 error generated.
ERROR:Failed to build bitcode file for conftest.c because: exit status 1
ERROR:Failed to compile using given arguments:
/usr/lib/llvm-12/bin/clang [-c -g -O2 conftest.c]
exit status: exit status 1
configure:10132: $? = 1
configure: failed program was:
| /* confdefs.h */
| #define PACKAGE_NAME "libgcrypt"
| #define PACKAGE_TARNAME "libgcrypt"
| #define PACKAGE_VERSION "1.10.1"
| #define PACKAGE_STRING "libgcrypt 1.10.1"
| #define PACKAGE_BUGREPORT "https://bugs.gnupg.org"
| #define PACKAGE_URL ""
| #define PACKAGE "libgcrypt"
| #define VERSION "1.10.1"
| #define STDC_HEADERS 1
| #define HAVE_SYS_TYPES_H 1
| #define HAVE_SYS_STAT_H 1
| #define HAVE_STDLIB_H 1
| #define HAVE_STRING_H 1
| #define HAVE_MEMORY_H 1
| #define HAVE_STRINGS_H 1
| #define HAVE_INTTYPES_H 1
| #define HAVE_STDINT_H 1
| #define HAVE_UNISTD_H 1
| #define __EXTENSIONS__ 1
| #define _ALL_SOURCE 1
| #define _GNU_SOURCE 1
| #define _POSIX_PTHREAD_SEMANTICS 1
| #define _TANDEM_SOURCE 1
| #define HAVE_DLFCN_H 1
| #define LT_OBJDIR ".libs/"
| /* end confdefs.h.  */
| #include <sys/types.h>
| 		#include <sys/param.h>
| 
| int
| main ()
| {
| #if BYTE_ORDER != BIG_ENDIAN
| 		 not big endian
| 		#endif
| 
|   ;
|   return 0;
| }
configure:10260: result: no
configure:10288: checking size of unsigned short
configure:10293: gclang -o conftest -g -O2   conftest.c  >&5
configure:10293: $? = 0
configure:10293: ./conftest
configure:10293: $? = 0
configure:10307: result: 2
configure:10321: checking size of unsigned int
configure:10326: gclang -o conftest -g -O2   conftest.c  >&5
configure:10326: $? = 0
configure:10326: ./conftest
configure:10326: $? = 0
configure:10340: result: 4
configure:10354: checking size of unsigned long
configure:10359: gclang -o conftest -g -O2   conftest.c  >&5
configure:10359: $? = 0
configure:10359: ./conftest
configure:10359: $? = 0
configure:10373: result: 8
configure:10387: checking size of unsigned long long
configure:10392: gclang -o conftest -g -O2   conftest.c  >&5
configure:10392: $? = 0
configure:10392: ./conftest
configure:10392: $? = 0
configure:10406: result: 8
configure:10420: checking size of void *
configure:10425: gclang -o conftest -g -O2   conftest.c  >&5
configure:10425: $? = 0
configure:10425: ./conftest
configure:10425: $? = 0
configure:10439: result: 8
configure:10451: checking for uintptr_t
configure:10451: gclang -c -g -O2  conftest.c >&5
configure:10451: $? = 0
configure:10451: gclang -c -g -O2  conftest.c >&5
conftest.c:69:24: error: expected expression
if (sizeof ((uintptr_t)))
                       ^
1 error generated.
conftest.c:69:24: error: expected expression
if (sizeof ((uintptr_t)))
                       ^
1 error generated.
ERROR:Failed to compile using given arguments:
/usr/lib/llvm-12/bin/clang [-c -g -O2 conftest.c]
exit status: exit status 1
ERROR:Failed to build bitcode file for conftest.c because: exit status 1
configure:10451: $? = 1
configure: failed program was:
| /* confdefs.h */
| #define PACKAGE_NAME "libgcrypt"
| #define PACKAGE_TARNAME "libgcrypt"
| #define PACKAGE_VERSION "1.10.1"
| #define PACKAGE_STRING "libgcrypt 1.10.1"
| #define PACKAGE_BUGREPORT "https://bugs.gnupg.org"
| #define PACKAGE_URL ""
| #define PACKAGE "libgcrypt"
| #define VERSION "1.10.1"
| #define STDC_HEADERS 1
| #define HAVE_SYS_TYPES_H 1
| #define HAVE_SYS_STAT_H 1
| #define HAVE_STDLIB_H 1
| #define HAVE_STRING_H 1
| #define HAVE_MEMORY_H 1
| #define HAVE_STRINGS_H 1
| #define HAVE_INTTYPES_H 1
| #define HAVE_STDINT_H 1
| #define HAVE_UNISTD_H 1
| #define __EXTENSIONS__ 1
| #define _ALL_SOURCE 1
| #define _GNU_SOURCE 1
| #define _POSIX_PTHREAD_SEMANTICS 1
| #define _TANDEM_SOURCE 1
| #define HAVE_DLFCN_H 1
| #define LT_OBJDIR ".libs/"
| #define SIZEOF_UNSIGNED_SHORT 2
| #define SIZEOF_UNSIGNED_INT 4
| #define SIZEOF_UNSIGNED_LONG 8
| #define SIZEOF_UNSIGNED_LONG_LONG 8
| #define SIZEOF_VOID_P 8
| /* end confdefs.h.  */
| #include <stdio.h>
| #ifdef HAVE_SYS_TYPES_H
| # include <sys/types.h>
| #endif
| #ifdef HAVE_SYS_STAT_H
| # include <sys/stat.h>
| #endif
| #ifdef STDC_HEADERS
| # include <stdlib.h>
| # include <stddef.h>
| #else
| # ifdef HAVE_STDLIB_H
| #  include <stdlib.h>
| # endif
| #endif
| #ifdef HAVE_STRING_H
| # if !defined STDC_HEADERS && defined HAVE_MEMORY_H
| #  include <memory.h>
| # endif
| # include <string.h>
| #endif
| #ifdef HAVE_STRINGS_H
| # include <strings.h>
| #endif
| #ifdef HAVE_INTTYPES_H
| # include <inttypes.h>
| #endif
| #ifdef HAVE_STDINT_H
| # include <stdint.h>
| #endif
| #ifdef HAVE_UNISTD_H
| # include <unistd.h>
| #endif
| int
| main ()
| {
| if (sizeof ((uintptr_t)))
| 	    return 0;
|   ;
|   return 0;
| }
configure:10451: result: yes
configure:10496: checking for UINT64_C
configure:10512: gclang -c -g -O2  conftest.c >&5
configure:10512: $? = 0
configure:10519: result: yes
configure:10526: checking size of uint64_t
configure:10531: gclang -o conftest -g -O2   conftest.c  >&5
configure:10531: $? = 0
configure:10531: ./conftest
configure:10531: $? = 0
configure:10545: result: 8
configure:10604: checking which symmetric ciphers to include
configure:10622: result: arcfour blowfish cast5 des aes twofish serpent rfc2268 seed camellia idea salsa20 gost28147 chacha20 sm4
configure:10638: checking which public-key ciphers to include
configure:10656: result: dsa elgamal rsa ecc
configure:10672: checking which message digests to include
configure:10690: result: crc gostr3411-94  md4 md5 rmd160 sha1 sha256 sha512 sha3 tiger whirlpool stribog blake2 sm3
configure:10706: checking which key derivation functions to include
configure:10724: result: s2k pkdf2 scrypt
configure:10736: checking which random module to use
configure:10754: result: default
configure:10758: checking whether use of /dev/random is requested
configure:10767: result: yes
configure:10786: checking whether the experimental random daemon is requested
configure:10795: result: no
configure:10808: checking whether MPI and cipher assembler modules are requested
configure:10817: result: yes
configure:10826: checking whether memory guard is requested
configure:10835: result: no
configure:10844: checking whether to run large data tests
configure:10853: result: no
configure:10859: checking whether 'soft' HW feature bits are forced on
configure:10868: result: no
configure:10874: checking whether use of capabilities is requested
configure:10884: result: no
configure:10888: checking whether a HMAC binary check is requested
configure:10897: result: no
configure:11119: checking whether jitter entropy support is requested
configure:11128: result: yes
configure:11132: checking whether padlock support is requested
configure:11141: result: yes
configure:11145: checking whether AESNI support is requested
configure:11154: result: yes
configure:11158: checking whether SHAEXT support is requested
configure:11167: result: yes
configure:11171: checking whether PCLMUL support is requested
configure:11180: result: yes
configure:11184: checking whether SSE4.1 support is requested
configure:11193: result: yes
configure:11197: checking whether DRNG support is requested
configure:11206: result: yes
configure:11210: checking whether AVX support is requested
configure:11219: result: yes
configure:11223: checking whether AVX2 support is requested
configure:11232: result: yes
configure:11236: checking whether NEON support is requested
configure:11245: result: yes
configure:11249: checking whether ARMv8 Crypto Extension support is requested
configure:11258: result: yes
configure:11262: checking whether PPC crypto support is requested
configure:11271: result: yes
configure:11275: checking whether a -O flag munging is requested
configure:11284: result: yes
configure:11296: checking whether a instrumentation (-fprofile, -fsanitize) munging is requested
configure:11305: result: yes
configure:11317: checking whether to enable AMD64 as(1) feature detection
configure:11326: result: yes
configure:11420: checking for gpg-error-config
configure:11451: result: no
configure:11464: checking for gpgrt-config
configure:11483: found /usr/local/bin/gpgrt-config
configure:11496: result: /usr/local/bin/gpgrt-config
configure:11570: Use gpgrt-config with /usr/local/lib as gpg-error-config
configure:11599: checking for GPG Error - version >= 1.27
configure:11613: result: yes (1.46)
configure:11839: checking for pthread_create in -lpthread
configure:11864: gclang -o conftest -g -O2   conftest.c -lpthread   >&5
configure:11864: $? = 0
configure:11873: result: yes
configure:11889: checking for library containing setsockopt
configure:11920: gclang -o conftest -g -O2   conftest.c  >&5
configure:11920: $? = 0
configure:11937: result: none required
configure:12002: checking for library containing setsockopt
configure:12050: result: none required
configure:12066: checking for unistd.h
configure:12066: result: yes
configure:12066: checking sys/auxv.h usability
configure:12066: gclang -c -g -O2  conftest.c >&5
configure:12066: $? = 0
configure:12066: result: yes
configure:12066: checking sys/auxv.h presence
configure:12066: gclang -E  conftest.c
configure:12066: $? = 0
configure:12066: result: yes
configure:12066: checking for sys/auxv.h
configure:12066: result: yes
configure:12066: checking sys/random.h usability
configure:12066: gclang -c -g -O2  conftest.c >&5
configure:12066: $? = 0
configure:12066: result: yes
configure:12066: checking sys/random.h presence
configure:12066: gclang -E  conftest.c
configure:12066: $? = 0
configure:12066: result: yes
configure:12066: checking for sys/random.h
configure:12066: result: yes
configure:12083: checking for an ANSI C-conforming const
configure:12149: gclang -c -g -O2  conftest.c >&5
configure:12149: $? = 0
configure:12156: result: yes
configure:12164: checking for inline
configure:12180: gclang -c -g -O2  conftest.c >&5
configure:12180: $? = 0
configure:12188: result: inline
configure:12206: checking for size_t
configure:12206: gclang -c -g -O2  conftest.c >&5
configure:12206: $? = 0
configure:12206: gclang -c -g -O2  conftest.c >&5
conftest.cconftest.c::8181::2121::  errorerror: : expected expressionexpected expression

if (sizeof ((size_t)))if (sizeof ((size_t)))

                    ^                    ^

1 error generated.
1 error generated.
ERROR:Failed to compile using given arguments:
/usr/lib/llvm-12/bin/clang [-c -g -O2 conftest.c]
exit status: exit status 1
ERROR:Failed to build bitcode file for conftest.c because: exit status 1
configure:12206: $? = 1
configure: failed program was:
| /* confdefs.h */
| #define PACKAGE_NAME "libgcrypt"
| #define PACKAGE_TARNAME "libgcrypt"
| #define PACKAGE_VERSION "1.10.1"
| #define PACKAGE_STRING "libgcrypt 1.10.1"
| #define PACKAGE_BUGREPORT "https://bugs.gnupg.org"
| #define PACKAGE_URL ""
| #define PACKAGE "libgcrypt"
| #define VERSION "1.10.1"
| #define STDC_HEADERS 1
| #define HAVE_SYS_TYPES_H 1
| #define HAVE_SYS_STAT_H 1
| #define HAVE_STDLIB_H 1
| #define HAVE_STRING_H 1
| #define HAVE_MEMORY_H 1
| #define HAVE_STRINGS_H 1
| #define HAVE_INTTYPES_H 1
| #define HAVE_STDINT_H 1
| #define HAVE_UNISTD_H 1
| #define __EXTENSIONS__ 1
| #define _ALL_SOURCE 1
| #define _GNU_SOURCE 1
| #define _POSIX_PTHREAD_SEMANTICS 1
| #define _TANDEM_SOURCE 1
| #define HAVE_DLFCN_H 1
| #define LT_OBJDIR ".libs/"
| #define SIZEOF_UNSIGNED_SHORT 2
| #define SIZEOF_UNSIGNED_INT 4
| #define SIZEOF_UNSIGNED_LONG 8
| #define SIZEOF_UNSIGNED_LONG_LONG 8
| #define SIZEOF_VOID_P 8
| #define HAVE_UINTPTR_T 1
| #define SIZEOF_UINT64_T 8
| #define EGD_SOCKET_NAME ""
| #define FIPS_MODULE_VERSION ""
| #define PRINTABLE_OS_NAME "GNU/Linux"
| #define NAME_OF_DEV_RANDOM "/dev/random"
| #define NAME_OF_DEV_URANDOM "/dev/urandom"
| #define GPG_ERR_SOURCE_DEFAULT GPG_ERR_SOURCE_GCRYPT
| #define HAVE_PTHREAD 1 
| #define HAVE_UNISTD_H 1
| #define HAVE_SYS_AUXV_H 1
| #define HAVE_SYS_RANDOM_H 1
| /* end confdefs.h.  */
| #include <stdio.h>
| #ifdef HAVE_SYS_TYPES_H
| # include <sys/types.h>
| #endif
| #ifdef HAVE_SYS_STAT_H
| # include <sys/stat.h>
| #endif
| #ifdef STDC_HEADERS
| # include <stdlib.h>
| # include <stddef.h>
| #else
| # ifdef HAVE_STDLIB_H
| #  include <stdlib.h>
| # endif
| #endif
| #ifdef HAVE_STRING_H
| # if !defined STDC_HEADERS && defined HAVE_MEMORY_H
| #  include <memory.h>
| # endif
| # include <string.h>
| #endif
| #ifdef HAVE_STRINGS_H
| # include <strings.h>
| #endif
| #ifdef HAVE_INTTYPES_H
| # include <inttypes.h>
| #endif
| #ifdef HAVE_STDINT_H
| # include <stdint.h>
| #endif
| #ifdef HAVE_UNISTD_H
| # include <unistd.h>
| #endif
| int
| main ()
| {
| if (sizeof ((size_t)))
| 	    return 0;
|   ;
|   return 0;
| }
configure:12206: result: yes
configure:12217: checking for pid_t
configure:12217: gclang -c -g -O2  conftest.c >&5
configure:12217: $? = 0
configure:12217: gclang -c -g -O2  conftest.c >&5
conftest.c:81:20: error: expected expression
if (sizeof ((pid_t)))
                   ^
conftest.c:81:20: error: expected expression
if (sizeof ((pid_t)))
                   ^
1 error generated.
1 error generated.
ERROR:Failed to build bitcode file for conftest.c because: exit status 1
ERROR:Failed to compile using given arguments:
/usr/lib/llvm-12/bin/clang [-c -g -O2 conftest.c]
exit status: exit status 1
configure:12217: $? = 1
configure: failed program was:
| /* confdefs.h */
| #define PACKAGE_NAME "libgcrypt"
| #define PACKAGE_TARNAME "libgcrypt"
| #define PACKAGE_VERSION "1.10.1"
| #define PACKAGE_STRING "libgcrypt 1.10.1"
| #define PACKAGE_BUGREPORT "https://bugs.gnupg.org"
| #define PACKAGE_URL ""
| #define PACKAGE "libgcrypt"
| #define VERSION "1.10.1"
| #define STDC_HEADERS 1
| #define HAVE_SYS_TYPES_H 1
| #define HAVE_SYS_STAT_H 1
| #define HAVE_STDLIB_H 1
| #define HAVE_STRING_H 1
| #define HAVE_MEMORY_H 1
| #define HAVE_STRINGS_H 1
| #define HAVE_INTTYPES_H 1
| #define HAVE_STDINT_H 1
| #define HAVE_UNISTD_H 1
| #define __EXTENSIONS__ 1
| #define _ALL_SOURCE 1
| #define _GNU_SOURCE 1
| #define _POSIX_PTHREAD_SEMANTICS 1
| #define _TANDEM_SOURCE 1
| #define HAVE_DLFCN_H 1
| #define LT_OBJDIR ".libs/"
| #define SIZEOF_UNSIGNED_SHORT 2
| #define SIZEOF_UNSIGNED_INT 4
| #define SIZEOF_UNSIGNED_LONG 8
| #define SIZEOF_UNSIGNED_LONG_LONG 8
| #define SIZEOF_VOID_P 8
| #define HAVE_UINTPTR_T 1
| #define SIZEOF_UINT64_T 8
| #define EGD_SOCKET_NAME ""
| #define FIPS_MODULE_VERSION ""
| #define PRINTABLE_OS_NAME "GNU/Linux"
| #define NAME_OF_DEV_RANDOM "/dev/random"
| #define NAME_OF_DEV_URANDOM "/dev/urandom"
| #define GPG_ERR_SOURCE_DEFAULT GPG_ERR_SOURCE_GCRYPT
| #define HAVE_PTHREAD 1 
| #define HAVE_UNISTD_H 1
| #define HAVE_SYS_AUXV_H 1
| #define HAVE_SYS_RANDOM_H 1
| /* end confdefs.h.  */
| #include <stdio.h>
| #ifdef HAVE_SYS_TYPES_H
| # include <sys/types.h>
| #endif
| #ifdef HAVE_SYS_STAT_H
| # include <sys/stat.h>
| #endif
| #ifdef STDC_HEADERS
| # include <stdlib.h>
| # include <stddef.h>
| #else
| # ifdef HAVE_STDLIB_H
| #  include <stdlib.h>
| # endif
| #endif
| #ifdef HAVE_STRING_H
| # if !defined STDC_HEADERS && defined HAVE_MEMORY_H
| #  include <memory.h>
| # endif
| # include <string.h>
| #endif
| #ifdef HAVE_STRINGS_H
| # include <strings.h>
| #endif
| #ifdef HAVE_INTTYPES_H
| # include <inttypes.h>
| #endif
| #ifdef HAVE_STDINT_H
| # include <stdint.h>
| #endif
| #ifdef HAVE_UNISTD_H
| # include <unistd.h>
| #endif
| int
| main ()
| {
| if (sizeof ((pid_t)))
| 	    return 0;
|   ;
|   return 0;
| }
configure:12217: result: yes
configure:12229: checking for byte
configure:12229: gclang -c -g -O2  conftest.c >&5
conftest.c:81:13: error: use of undeclared identifier 'byte'
if (sizeof (byte))
            ^
conftest.c:81:13: error: use of undeclared identifier 'byte'
1if (sizeof (byte)) error
 generated            ^.

1 error generated.
ERROR:Failed to compile using given arguments:
/usr/lib/llvm-12/bin/clang [-c -g -O2 conftest.c]
exit status: exit status 1
ERROR:Failed to build bitcode file for conftest.c because: exit status 1
configure:12229: $? = 1
configure: failed program was:
| /* confdefs.h */
| #define PACKAGE_NAME "libgcrypt"
| #define PACKAGE_TARNAME "libgcrypt"
| #define PACKAGE_VERSION "1.10.1"
| #define PACKAGE_STRING "libgcrypt 1.10.1"
| #define PACKAGE_BUGREPORT "https://bugs.gnupg.org"
| #define PACKAGE_URL ""
| #define PACKAGE "libgcrypt"
| #define VERSION "1.10.1"
| #define STDC_HEADERS 1
| #define HAVE_SYS_TYPES_H 1
| #define HAVE_SYS_STAT_H 1
| #define HAVE_STDLIB_H 1
| #define HAVE_STRING_H 1
| #define HAVE_MEMORY_H 1
| #define HAVE_STRINGS_H 1
| #define HAVE_INTTYPES_H 1
| #define HAVE_STDINT_H 1
| #define HAVE_UNISTD_H 1
| #define __EXTENSIONS__ 1
| #define _ALL_SOURCE 1
| #define _GNU_SOURCE 1
| #define _POSIX_PTHREAD_SEMANTICS 1
| #define _TANDEM_SOURCE 1
| #define HAVE_DLFCN_H 1
| #define LT_OBJDIR ".libs/"
| #define SIZEOF_UNSIGNED_SHORT 2
| #define SIZEOF_UNSIGNED_INT 4
| #define SIZEOF_UNSIGNED_LONG 8
| #define SIZEOF_UNSIGNED_LONG_LONG 8
| #define SIZEOF_VOID_P 8
| #define HAVE_UINTPTR_T 1
| #define SIZEOF_UINT64_T 8
| #define EGD_SOCKET_NAME ""
| #define FIPS_MODULE_VERSION ""
| #define PRINTABLE_OS_NAME "GNU/Linux"
| #define NAME_OF_DEV_RANDOM "/dev/random"
| #define NAME_OF_DEV_URANDOM "/dev/urandom"
| #define GPG_ERR_SOURCE_DEFAULT GPG_ERR_SOURCE_GCRYPT
| #define HAVE_PTHREAD 1 
| #define HAVE_UNISTD_H 1
| #define HAVE_SYS_AUXV_H 1
| #define HAVE_SYS_RANDOM_H 1
| /* end confdefs.h.  */
| #include <stdio.h>
| #ifdef HAVE_SYS_TYPES_H
| # include <sys/types.h>
| #endif
| #ifdef HAVE_SYS_STAT_H
| # include <sys/stat.h>
| #endif
| #ifdef STDC_HEADERS
| # include <stdlib.h>
| # include <stddef.h>
| #else
| # ifdef HAVE_STDLIB_H
| #  include <stdlib.h>
| # endif
| #endif
| #ifdef HAVE_STRING_H
| # if !defined STDC_HEADERS && defined HAVE_MEMORY_H
| #  include <memory.h>
| # endif
| # include <string.h>
| #endif
| #ifdef HAVE_STRINGS_H
| # include <strings.h>
| #endif
| #ifdef HAVE_INTTYPES_H
| # include <inttypes.h>
| #endif
| #ifdef HAVE_STDINT_H
| # include <stdint.h>
| #endif
| #ifdef HAVE_UNISTD_H
| # include <unistd.h>
| #endif
| int
| main ()
| {
| if (sizeof (byte))
| 	 return 0;
|   ;
|   return 0;
| }
configure:12229: result: no
configure:12238: checking for ushort
configure:12238: gclang -c -g -O2  conftest.c >&5
configure:12238: $? = 0
configure:12238: gclang -c -g -O2  conftest.c >&5
conftest.c:81:21: error: expected expression
conftest.c:81:if (sizeof ((ushort)))21
:                    ^ 
error: expected expression
if (sizeof ((ushort)))
                    ^
1 error generated.
1 error generated.
ERROR:Failed to build bitcode file for conftest.c because: exit status 1
ERROR:Failed to compile using given arguments:
/usr/lib/llvm-12/bin/clang [-c -g -O2 conftest.c]
exit status: exit status 1
configure:12238: $? = 1
configure: failed program was:
| /* confdefs.h */
| #define PACKAGE_NAME "libgcrypt"
| #define PACKAGE_TARNAME "libgcrypt"
| #define PACKAGE_VERSION "1.10.1"
| #define PACKAGE_STRING "libgcrypt 1.10.1"
| #define PACKAGE_BUGREPORT "https://bugs.gnupg.org"
| #define PACKAGE_URL ""
| #define PACKAGE "libgcrypt"
| #define VERSION "1.10.1"
| #define STDC_HEADERS 1
| #define HAVE_SYS_TYPES_H 1
| #define HAVE_SYS_STAT_H 1
| #define HAVE_STDLIB_H 1
| #define HAVE_STRING_H 1
| #define HAVE_MEMORY_H 1
| #define HAVE_STRINGS_H 1
| #define HAVE_INTTYPES_H 1
| #define HAVE_STDINT_H 1
| #define HAVE_UNISTD_H 1
| #define __EXTENSIONS__ 1
| #define _ALL_SOURCE 1
| #define _GNU_SOURCE 1
| #define _POSIX_PTHREAD_SEMANTICS 1
| #define _TANDEM_SOURCE 1
| #define HAVE_DLFCN_H 1
| #define LT_OBJDIR ".libs/"
| #define SIZEOF_UNSIGNED_SHORT 2
| #define SIZEOF_UNSIGNED_INT 4
| #define SIZEOF_UNSIGNED_LONG 8
| #define SIZEOF_UNSIGNED_LONG_LONG 8
| #define SIZEOF_VOID_P 8
| #define HAVE_UINTPTR_T 1
| #define SIZEOF_UINT64_T 8
| #define EGD_SOCKET_NAME ""
| #define FIPS_MODULE_VERSION ""
| #define PRINTABLE_OS_NAME "GNU/Linux"
| #define NAME_OF_DEV_RANDOM "/dev/random"
| #define NAME_OF_DEV_URANDOM "/dev/urandom"
| #define GPG_ERR_SOURCE_DEFAULT GPG_ERR_SOURCE_GCRYPT
| #define HAVE_PTHREAD 1 
| #define HAVE_UNISTD_H 1
| #define HAVE_SYS_AUXV_H 1
| #define HAVE_SYS_RANDOM_H 1
| /* end confdefs.h.  */
| #include <stdio.h>
| #ifdef HAVE_SYS_TYPES_H
| # include <sys/types.h>
| #endif
| #ifdef HAVE_SYS_STAT_H
| # include <sys/stat.h>
| #endif
| #ifdef STDC_HEADERS
| # include <stdlib.h>
| # include <stddef.h>
| #else
| # ifdef HAVE_STDLIB_H
| #  include <stdlib.h>
| # endif
| #endif
| #ifdef HAVE_STRING_H
| # if !defined STDC_HEADERS && defined HAVE_MEMORY_H
| #  include <memory.h>
| # endif
| # include <string.h>
| #endif
| #ifdef HAVE_STRINGS_H
| # include <strings.h>
| #endif
| #ifdef HAVE_INTTYPES_H
| # include <inttypes.h>
| #endif
| #ifdef HAVE_STDINT_H
| # include <stdint.h>
| #endif
| #ifdef HAVE_UNISTD_H
| # include <unistd.h>
| #endif
| int
| main ()
| {
| if (sizeof ((ushort)))
| 	    return 0;
|   ;
|   return 0;
| }
configure:12238: result: yes
configure:12247: checking for u16
configure:12247: gclang -c -g -O2  conftest.c >&5
conftest.c:82:13: conftest.cerror:: 82:use of undeclared identifier 'u16'13
: error: use of undeclared identifier 'u16'
if (sizeof (u16))if (sizeof (u16))

            ^            ^

1 error generated.
1 error generated.
ERROR:Failed to build bitcode file for conftest.c because: exit status 1
ERROR:Failed to compile using given arguments:
/usr/lib/llvm-12/bin/clang [-c -g -O2 conftest.c]
exit status: exit status 1
configure:12247: $? = 1
configure: failed program was:
| /* confdefs.h */
| #define PACKAGE_NAME "libgcrypt"
| #define PACKAGE_TARNAME "libgcrypt"
| #define PACKAGE_VERSION "1.10.1"
| #define PACKAGE_STRING "libgcrypt 1.10.1"
| #define PACKAGE_BUGREPORT "https://bugs.gnupg.org"
| #define PACKAGE_URL ""
| #define PACKAGE "libgcrypt"
| #define VERSION "1.10.1"
| #define STDC_HEADERS 1
| #define HAVE_SYS_TYPES_H 1
| #define HAVE_SYS_STAT_H 1
| #define HAVE_STDLIB_H 1
| #define HAVE_STRING_H 1
| #define HAVE_MEMORY_H 1
| #define HAVE_STRINGS_H 1
| #define HAVE_INTTYPES_H 1
| #define HAVE_STDINT_H 1
| #define HAVE_UNISTD_H 1
| #define __EXTENSIONS__ 1
| #define _ALL_SOURCE 1
| #define _GNU_SOURCE 1
| #define _POSIX_PTHREAD_SEMANTICS 1
| #define _TANDEM_SOURCE 1
| #define HAVE_DLFCN_H 1
| #define LT_OBJDIR ".libs/"
| #define SIZEOF_UNSIGNED_SHORT 2
| #define SIZEOF_UNSIGNED_INT 4
| #define SIZEOF_UNSIGNED_LONG 8
| #define SIZEOF_UNSIGNED_LONG_LONG 8
| #define SIZEOF_VOID_P 8
| #define HAVE_UINTPTR_T 1
| #define SIZEOF_UINT64_T 8
| #define EGD_SOCKET_NAME ""
| #define FIPS_MODULE_VERSION ""
| #define PRINTABLE_OS_NAME "GNU/Linux"
| #define NAME_OF_DEV_RANDOM "/dev/random"
| #define NAME_OF_DEV_URANDOM "/dev/urandom"
| #define GPG_ERR_SOURCE_DEFAULT GPG_ERR_SOURCE_GCRYPT
| #define HAVE_PTHREAD 1 
| #define HAVE_UNISTD_H 1
| #define HAVE_SYS_AUXV_H 1
| #define HAVE_SYS_RANDOM_H 1
| #define HAVE_USHORT 1
| /* end confdefs.h.  */
| #include <stdio.h>
| #ifdef HAVE_SYS_TYPES_H
| # include <sys/types.h>
| #endif
| #ifdef HAVE_SYS_STAT_H
| # include <sys/stat.h>
| #endif
| #ifdef STDC_HEADERS
| # include <stdlib.h>
| # include <stddef.h>
| #else
| # ifdef HAVE_STDLIB_H
| #  include <stdlib.h>
| # endif
| #endif
| #ifdef HAVE_STRING_H
| # if !defined STDC_HEADERS && defined HAVE_MEMORY_H
| #  include <memory.h>
| # endif
| # include <string.h>
| #endif
| #ifdef HAVE_STRINGS_H
| # include <strings.h>
| #endif
| #ifdef HAVE_INTTYPES_H
| # include <inttypes.h>
| #endif
| #ifdef HAVE_STDINT_H
| # include <stdint.h>
| #endif
| #ifdef HAVE_UNISTD_H
| # include <unistd.h>
| #endif
| int
| main ()
| {
| if (sizeof (u16))
| 	 return 0;
|   ;
|   return 0;
| }
configure:12247: result: no
configure:12256: checking for u32
configure:12256: gclang -c -g -O2  conftest.c >&5
conftest.c:82:13: error: use of undeclared identifier 'u32'
if (sizeof (u32))
            ^
conftest.c:82:13: error: use of undeclared identifier 'u32'
if (sizeof (u32))
            ^1
 error generated.
1 error generated.
ERROR:Failed to build bitcode file for conftest.c because: exit status 1
ERROR:Failed to compile using given arguments:
/usr/lib/llvm-12/bin/clang [-c -g -O2 conftest.c]
exit status: exit status 1
configure:12256: $? = 1
configure: failed program was:
| /* confdefs.h */
| #define PACKAGE_NAME "libgcrypt"
| #define PACKAGE_TARNAME "libgcrypt"
| #define PACKAGE_VERSION "1.10.1"
| #define PACKAGE_STRING "libgcrypt 1.10.1"
| #define PACKAGE_BUGREPORT "https://bugs.gnupg.org"
| #define PACKAGE_URL ""
| #define PACKAGE "libgcrypt"
| #define VERSION "1.10.1"
| #define STDC_HEADERS 1
| #define HAVE_SYS_TYPES_H 1
| #define HAVE_SYS_STAT_H 1
| #define HAVE_STDLIB_H 1
| #define HAVE_STRING_H 1
| #define HAVE_MEMORY_H 1
| #define HAVE_STRINGS_H 1
| #define HAVE_INTTYPES_H 1
| #define HAVE_STDINT_H 1
| #define HAVE_UNISTD_H 1
| #define __EXTENSIONS__ 1
| #define _ALL_SOURCE 1
| #define _GNU_SOURCE 1
| #define _POSIX_PTHREAD_SEMANTICS 1
| #define _TANDEM_SOURCE 1
| #define HAVE_DLFCN_H 1
| #define LT_OBJDIR ".libs/"
| #define SIZEOF_UNSIGNED_SHORT 2
| #define SIZEOF_UNSIGNED_INT 4
| #define SIZEOF_UNSIGNED_LONG 8
| #define SIZEOF_UNSIGNED_LONG_LONG 8
| #define SIZEOF_VOID_P 8
| #define HAVE_UINTPTR_T 1
| #define SIZEOF_UINT64_T 8
| #define EGD_SOCKET_NAME ""
| #define FIPS_MODULE_VERSION ""
| #define PRINTABLE_OS_NAME "GNU/Linux"
| #define NAME_OF_DEV_RANDOM "/dev/random"
| #define NAME_OF_DEV_URANDOM "/dev/urandom"
| #define GPG_ERR_SOURCE_DEFAULT GPG_ERR_SOURCE_GCRYPT
| #define HAVE_PTHREAD 1 
| #define HAVE_UNISTD_H 1
| #define HAVE_SYS_AUXV_H 1
| #define HAVE_SYS_RANDOM_H 1
| #define HAVE_USHORT 1
| /* end confdefs.h.  */
| #include <stdio.h>
| #ifdef HAVE_SYS_TYPES_H
| # include <sys/types.h>
| #endif
| #ifdef HAVE_SYS_STAT_H
| # include <sys/stat.h>
| #endif
| #ifdef STDC_HEADERS
| # include <stdlib.h>
| # include <stddef.h>
| #else
| # ifdef HAVE_STDLIB_H
| #  include <stdlib.h>
| # endif
| #endif
| #ifdef HAVE_STRING_H
| # if !defined STDC_HEADERS && defined HAVE_MEMORY_H
| #  include <memory.h>
| # endif
| # include <string.h>
| #endif
| #ifdef HAVE_STRINGS_H
| # include <strings.h>
| #endif
| #ifdef HAVE_INTTYPES_H
| # include <inttypes.h>
| #endif
| #ifdef HAVE_STDINT_H
| # include <stdint.h>
| #endif
| #ifdef HAVE_UNISTD_H
| # include <unistd.h>
| #endif
| int
| main ()
| {
| if (sizeof (u32))
| 	 return 0;
|   ;
|   return 0;
| }
configure:12256: result: no
configure:12265: checking for u64
configure:12265: gclang -c -g -O2  conftest.c >&5
conftest.c:82:13: error: use of undeclared identifier 'u64'
conftest.cif (sizeof (u64)):
82            ^:
13: error: use of undeclared identifier 'u64'
if (sizeof (u64))
            ^
1 error generated.
1 error generated.
ERROR:Failed to compile using given arguments:
/usr/lib/llvm-12/bin/clang [-c -g -O2 conftest.c]
exit status: exit status 1
ERROR:Failed to build bitcode file for conftest.c because: exit status 1
configure:12265: $? = 1
configure: failed program was:
| /* confdefs.h */
| #define PACKAGE_NAME "libgcrypt"
| #define PACKAGE_TARNAME "libgcrypt"
| #define PACKAGE_VERSION "1.10.1"
| #define PACKAGE_STRING "libgcrypt 1.10.1"
| #define PACKAGE_BUGREPORT "https://bugs.gnupg.org"
| #define PACKAGE_URL ""
| #define PACKAGE "libgcrypt"
| #define VERSION "1.10.1"
| #define STDC_HEADERS 1
| #define HAVE_SYS_TYPES_H 1
| #define HAVE_SYS_STAT_H 1
| #define HAVE_STDLIB_H 1
| #define HAVE_STRING_H 1
| #define HAVE_MEMORY_H 1
| #define HAVE_STRINGS_H 1
| #define HAVE_INTTYPES_H 1
| #define HAVE_STDINT_H 1
| #define HAVE_UNISTD_H 1
| #define __EXTENSIONS__ 1
| #define _ALL_SOURCE 1
| #define _GNU_SOURCE 1
| #define _POSIX_PTHREAD_SEMANTICS 1
| #define _TANDEM_SOURCE 1
| #define HAVE_DLFCN_H 1
| #define LT_OBJDIR ".libs/"
| #define SIZEOF_UNSIGNED_SHORT 2
| #define SIZEOF_UNSIGNED_INT 4
| #define SIZEOF_UNSIGNED_LONG 8
| #define SIZEOF_UNSIGNED_LONG_LONG 8
| #define SIZEOF_VOID_P 8
| #define HAVE_UINTPTR_T 1
| #define SIZEOF_UINT64_T 8
| #define EGD_SOCKET_NAME ""
| #define FIPS_MODULE_VERSION ""
| #define PRINTABLE_OS_NAME "GNU/Linux"
| #define NAME_OF_DEV_RANDOM "/dev/random"
| #define NAME_OF_DEV_URANDOM "/dev/urandom"
| #define GPG_ERR_SOURCE_DEFAULT GPG_ERR_SOURCE_GCRYPT
| #define HAVE_PTHREAD 1 
| #define HAVE_UNISTD_H 1
| #define HAVE_SYS_AUXV_H 1
| #define HAVE_SYS_RANDOM_H 1
| #define HAVE_USHORT 1
| /* end confdefs.h.  */
| #include <stdio.h>
| #ifdef HAVE_SYS_TYPES_H
| # include <sys/types.h>
| #endif
| #ifdef HAVE_SYS_STAT_H
| # include <sys/stat.h>
| #endif
| #ifdef STDC_HEADERS
| # include <stdlib.h>
| # include <stddef.h>
| #else
| # ifdef HAVE_STDLIB_H
| #  include <stdlib.h>
| # endif
| #endif
| #ifdef HAVE_STRING_H
| # if !defined STDC_HEADERS && defined HAVE_MEMORY_H
| #  include <memory.h>
| # endif
| # include <string.h>
| #endif
| #ifdef HAVE_STRINGS_H
| # include <strings.h>
| #endif
| #ifdef HAVE_INTTYPES_H
| # include <inttypes.h>
| #endif
| #ifdef HAVE_STDINT_H
| # include <stdint.h>
| #endif
| #ifdef HAVE_UNISTD_H
| # include <unistd.h>
| #endif
| int
| main ()
| {
| if (sizeof (u64))
| 	 return 0;
|   ;
|   return 0;
| }
configure:12265: result: no
configure:12282: checking for sys/socket.h
configure:12282: gclang -c -g -O2  conftest.c >&5
configure:12282: $? = 0
configure:12282: result: yes
configure:12311: checking for socklen_t
configure:12311: gclang -c -g -O2  conftest.c >&5
configure:12311: $? = 0
configure:12311: gclang -c -g -O2  conftest.c >&5
conftest.c:62conftest.c::2462:: 24error::  errorexpected expression: 
expected expression
if (sizeof ((socklen_t)))if (sizeof ((socklen_t)))

                       ^                       ^

1 error generated.
1 error generated.
ERROR:Failed to build bitcode file for conftest.c because: exit status 1
ERROR:Failed to compile using given arguments:
/usr/lib/llvm-12/bin/clang [-c -g -O2 conftest.c]
exit status: exit status 1
configure:12311: $? = 1
configure: failed program was:
| /* confdefs.h */
| #define PACKAGE_NAME "libgcrypt"
| #define PACKAGE_TARNAME "libgcrypt"
| #define PACKAGE_VERSION "1.10.1"
| #define PACKAGE_STRING "libgcrypt 1.10.1"
| #define PACKAGE_BUGREPORT "https://bugs.gnupg.org"
| #define PACKAGE_URL ""
| #define PACKAGE "libgcrypt"
| #define VERSION "1.10.1"
| #define STDC_HEADERS 1
| #define HAVE_SYS_TYPES_H 1
| #define HAVE_SYS_STAT_H 1
| #define HAVE_STDLIB_H 1
| #define HAVE_STRING_H 1
| #define HAVE_MEMORY_H 1
| #define HAVE_STRINGS_H 1
| #define HAVE_INTTYPES_H 1
| #define HAVE_STDINT_H 1
| #define HAVE_UNISTD_H 1
| #define __EXTENSIONS__ 1
| #define _ALL_SOURCE 1
| #define _GNU_SOURCE 1
| #define _POSIX_PTHREAD_SEMANTICS 1
| #define _TANDEM_SOURCE 1
| #define HAVE_DLFCN_H 1
| #define LT_OBJDIR ".libs/"
| #define SIZEOF_UNSIGNED_SHORT 2
| #define SIZEOF_UNSIGNED_INT 4
| #define SIZEOF_UNSIGNED_LONG 8
| #define SIZEOF_UNSIGNED_LONG_LONG 8
| #define SIZEOF_VOID_P 8
| #define HAVE_UINTPTR_T 1
| #define SIZEOF_UINT64_T 8
| #define EGD_SOCKET_NAME ""
| #define FIPS_MODULE_VERSION ""
| #define PRINTABLE_OS_NAME "GNU/Linux"
| #define NAME_OF_DEV_RANDOM "/dev/random"
| #define NAME_OF_DEV_URANDOM "/dev/urandom"
| #define GPG_ERR_SOURCE_DEFAULT GPG_ERR_SOURCE_GCRYPT
| #define HAVE_PTHREAD 1 
| #define HAVE_UNISTD_H 1
| #define HAVE_SYS_AUXV_H 1
| #define HAVE_SYS_RANDOM_H 1
| #define HAVE_USHORT 1
| #define HAVE_SYS_SOCKET_H 1
| /* end confdefs.h.  */
| 
| /* <sys/types.h> is not needed according to POSIX, but the
|    <sys/socket.h> in i386-unknown-freebsd4.10 and
|    powerpc-apple-darwin5.5 required it. */
| #include <sys/types.h>
| #if HAVE_SYS_SOCKET_H
| # include <sys/socket.h>
| #elif HAVE_WS2TCPIP_H
| # include <ws2tcpip.h>
| #endif
| 
| 
| int
| main ()
| {
| if (sizeof ((socklen_t)))
| 	    return 0;
|   ;
|   return 0;
| }
configure:12311: result: yes
configure:12377: checking for __builtin_bswap32
configure:12394: gclang -o conftest -g -O2   conftest.c  >&5
configure:12394: $? = 0
configure:12400: result: yes
configure:12412: checking for __builtin_bswap64
configure:12429: gclang -o conftest -g -O2   conftest.c  >&5
configure:12429: $? = 0
configure:12435: result: yes
configure:12447: checking for __builtin_ctz
configure:12464: gclang -o conftest -g -O2   conftest.c  >&5
configure:12464: $? = 0
configure:12470: result: yes
configure:12482: checking for __builtin_ctzl
configure:12499: gclang -o conftest -g -O2   conftest.c  >&5
configure:12499: $? = 0
configure:12505: result: yes
configure:12517: checking for __builtin_clz
configure:12534: gclang -o conftest -g -O2   conftest.c  >&5
configure:12534: $? = 0
configure:12540: result: yes
configure:12552: checking for __builtin_clzl
configure:12569: gclang -o conftest -g -O2   conftest.c  >&5
configure:12569: $? = 0
configure:12575: result: yes
configure:12587: checking for __sync_synchronize
configure:12604: gclang -o conftest -g -O2   conftest.c  >&5
configure:12604: $? = 0
configure:12610: result: yes
configure:12622: checking whether the variable length arrays are supported
configure:12635: gclang -c -g -O2  conftest.c >&5
configure:12635: $? = 0
configure:12640: result: yes
configure:12652: checking whether the visibility attribute is supported
configure:12675: result: yes
configure:12678: checking for broken visibility attribute
configure:12702: result: no
configure:12706: checking for broken alias attribute
configure:12732: result: no
configure:12736: checking if gcc supports -fvisibility=hidden
configure:12755: gclang -c -fvisibility=hidden  conftest.c >&5
configure:12755: $? = 0
configure:12762: result: yes
configure:12786: checking whether the GCC style aligned attribute is supported
configure:12796: gclang -c -g -O2 -fvisibility=hidden -Werror  conftest.c >&5
configure:12796: $? = 0
configure:12801: result: yes
configure:12813: checking whether the GCC style packed attribute is supported
configure:12828: gclang -c -g -O2 -fvisibility=hidden -Werror  conftest.c >&5
configure:12828: $? = 0
configure:12833: result: yes
configure:12845: checking whether the GCC style may_alias attribute is supported
configure:12856: gclang -c -g -O2 -fvisibility=hidden -Werror  conftest.c >&5
configure:12856: $? = 0
configure:12861: result: yes
configure:12878: checking whether 'asm' assembler keyword is supported
configure:12888: gclang -c -g -O2 -fvisibility=hidden  conftest.c >&5
configure:12888: $? = 0
configure:12893: result: yes
configure:12895: checking whether '__asm__' assembler keyword is supported
configure:12905: gclang -c -g -O2 -fvisibility=hidden  conftest.c >&5
configure:12905: $? = 0
configure:12910: result: yes
configure:12949: checking whether inline assembly memory barrier is supported
configure:12962: gclang -c -g -O2 -fvisibility=hidden  conftest.c >&5
configure:12962: $? = 0
configure:12967: result: yes
configure:12982: checking whether GCC assembler is compatible for ARM assembly implementations
configure:13014: gclang -o conftest -g -O2 -fvisibility=hidden   conftest.c  >&5
conftest.c:76:2: warning: implicit declaration of function 'asmfunc' is invalid in C99 [-Wimplicit-function-declaration]
 asmfunc();
 ^
<inline asm>:1:1: error: unknown directive
.syntax unified
^
<inline asm>:2:2: error: unknown directive
        .arm
        ^
<inline asm>:5:6: error: invalid register name
        add %r0, %r0, %r4, ror #12;
            ^
1 warning and 3 errors generated.
ERROR:Failed to build object file for conftest.c because: exit status 1
conftest.c:76:2: warning: implicit declaration of function 'asmfunc' is invalid in C99 [-Wimplicit-function-declaration]
 asmfunc();
 ^
<inline asm>:1:1: error: unknown directive
.syntax unified
^
<inline asm>:2:2: error: unknown directive
        .arm
        ^
<inline asm>:5:6: error: invalid register name
        add %r0, %r0, %r4, ror #12;
            ^
1 warning and 3 errors generated.
ERROR:Failed to compile using given arguments:
/usr/lib/llvm-12/bin/clang [-o conftest -g -O2 -fvisibility=hidden conftest.c]
exit status: exit status 1
conftest.c:76:2: warning: implicit declaration of function 'asmfunc' is invalid in C99 [-Wimplicit-function-declaration]
 asmfunc();
 ^
error: unknown directive
.syntax unified
^
error: unknown directive
        .arm
        ^
error: invalid register name
        add %r0, %r0, %r4, ror #12;
            ^~~
1 warning generated.
configure:13014: $? = 1
configure: failed program was:
| /* confdefs.h */
| #define PACKAGE_NAME "libgcrypt"
| #define PACKAGE_TARNAME "libgcrypt"
| #define PACKAGE_VERSION "1.10.1"
| #define PACKAGE_STRING "libgcrypt 1.10.1"
| #define PACKAGE_BUGREPORT "https://bugs.gnupg.org"
| #define PACKAGE_URL ""
| #define PACKAGE "libgcrypt"
| #define VERSION "1.10.1"
| #define STDC_HEADERS 1
| #define HAVE_SYS_TYPES_H 1
| #define HAVE_SYS_STAT_H 1
| #define HAVE_STDLIB_H 1
| #define HAVE_STRING_H 1
| #define HAVE_MEMORY_H 1
| #define HAVE_STRINGS_H 1
| #define HAVE_INTTYPES_H 1
| #define HAVE_STDINT_H 1
| #define HAVE_UNISTD_H 1
| #define __EXTENSIONS__ 1
| #define _ALL_SOURCE 1
| #define _GNU_SOURCE 1
| #define _POSIX_PTHREAD_SEMANTICS 1
| #define _TANDEM_SOURCE 1
| #define HAVE_DLFCN_H 1
| #define LT_OBJDIR ".libs/"
| #define SIZEOF_UNSIGNED_SHORT 2
| #define SIZEOF_UNSIGNED_INT 4
| #define SIZEOF_UNSIGNED_LONG 8
| #define SIZEOF_UNSIGNED_LONG_LONG 8
| #define SIZEOF_VOID_P 8
| #define HAVE_UINTPTR_T 1
| #define SIZEOF_UINT64_T 8
| #define EGD_SOCKET_NAME ""
| #define FIPS_MODULE_VERSION ""
| #define PRINTABLE_OS_NAME "GNU/Linux"
| #define NAME_OF_DEV_RANDOM "/dev/random"
| #define NAME_OF_DEV_URANDOM "/dev/urandom"
| #define GPG_ERR_SOURCE_DEFAULT GPG_ERR_SOURCE_GCRYPT
| #define HAVE_PTHREAD 1 
| #define HAVE_UNISTD_H 1
| #define HAVE_SYS_AUXV_H 1
| #define HAVE_SYS_RANDOM_H 1
| #define HAVE_USHORT 1
| #define HAVE_SYS_SOCKET_H 1
| #define HAVE_BUILTIN_BSWAP32 1
| #define HAVE_BUILTIN_BSWAP64 1
| #define HAVE_BUILTIN_CTZ 1
| #define HAVE_BUILTIN_CTZL 1
| #define HAVE_BUILTIN_CLZ 1
| #define HAVE_BUILTIN_CLZL 1
| #define HAVE_SYNC_SYNCHRONIZE 1
| #define HAVE_VLA 1
| #define GCRY_USE_VISIBILITY 1
| #define HAVE_GCC_ATTRIBUTE_ALIGNED 1
| #define HAVE_GCC_ATTRIBUTE_PACKED 1
| #define HAVE_GCC_ATTRIBUTE_MAY_ALIAS 1
| #define HAVE_GCC_ASM_VOLATILE_MEMORY 1
| /* end confdefs.h.  */
| __asm__(
|                 /* Test if assembler supports UAL syntax.  */
|                 ".syntax unified\n\t"
|                 ".arm\n\t" /* our assembly code is in ARM mode  */
|                 ".text\n\t"
|                 /* Following causes error if assembler ignored '.syntax unified'.  */
|                 "asmfunc:\n\t"
|                 "add %r0, %r0, %r4, ror #12;\n\t"
| 
|                 /* Test if '.type' and '.size' are supported.  */
|                 ".size asmfunc,.-asmfunc;\n\t"
|                 ".type asmfunc,%function;\n\t"
|               );
| int
| main ()
| {
|  asmfunc();
|   ;
|   return 0;
| }
configure:13021: result: no
configure:13035: checking whether GCC assembler is compatible for ARMv8/Aarch64 assembly implementations
configure:13061: gclang -o conftest -g -O2 -fvisibility=hidden   conftest.c  >&5
conftest.c:70:2: warning: implicit declaration of function 'asmfunc' is invalid in C99 [-Wimplicit-function-declaration]
 asmfunc();
 ^
<inline asm>:3:2: error: invalid instruction mnemonic 'eor'
        eor x0, x0, x30, ror #12;
        ^
<inline asm>:4:2: error: unknown use of instruction mnemonic without a size suffix
        add x0, x0, x30, asr #12;
        ^
<inline asm>:5:2: error: invalid instruction mnemonic 'eor'
        eor v0.16b, v0.16b, v31.16b;
        ^
1 warning and 3 errors generated.
ERROR:Failed to build object file for conftest.c because: exit status 1
conftest.c:70:2: warning: implicit declaration of function 'asmfunc' is invalid in C99 [-Wimplicit-function-declaration]
 asmfunc();
 ^
<inline asm>:3:2: error: invalid instruction mnemonic 'eor'
        eor x0, x0, x30, ror #12;
        ^
<inline asm>:4:2: error: unknown use of instruction mnemonic without a size suffix
        add x0, x0, x30, asr #12;
        ^
<inline asm>:5:2: error: invalid instruction mnemonic 'eor'
        eor v0.16b, v0.16b, v31.16b;
        ^
1 warning and 3 errors generated.
ERROR:Failed to compile using given arguments:
/usr/lib/llvm-12/bin/clang [-o conftest -g -O2 -fvisibility=hidden conftest.c]
exit status: exit status 1
conftest.c:70:2: warning: implicit declaration of function 'asmfunc' is invalid in C99 [-Wimplicit-function-declaration]
 asmfunc();
 ^
error: invalid instruction mnemonic 'eor'
        eor x0, x0, x30, ror #12;
        ^~~
error: unknown use of instruction mnemonic without a size suffix
        add x0, x0, x30, asr #12;
        ^
error: invalid instruction mnemonic 'eor'
        eor v0.16b, v0.16b, v31.16b;
        ^~~
1 warning generated.
configure:13061: $? = 1
configure: failed program was:
| /* confdefs.h */
| #define PACKAGE_NAME "libgcrypt"
| #define PACKAGE_TARNAME "libgcrypt"
| #define PACKAGE_VERSION "1.10.1"
| #define PACKAGE_STRING "libgcrypt 1.10.1"
| #define PACKAGE_BUGREPORT "https://bugs.gnupg.org"
| #define PACKAGE_URL ""
| #define PACKAGE "libgcrypt"
| #define VERSION "1.10.1"
| #define STDC_HEADERS 1
| #define HAVE_SYS_TYPES_H 1
| #define HAVE_SYS_STAT_H 1
| #define HAVE_STDLIB_H 1
| #define HAVE_STRING_H 1
| #define HAVE_MEMORY_H 1
| #define HAVE_STRINGS_H 1
| #define HAVE_INTTYPES_H 1
| #define HAVE_STDINT_H 1
| #define HAVE_UNISTD_H 1
| #define __EXTENSIONS__ 1
| #define _ALL_SOURCE 1
| #define _GNU_SOURCE 1
| #define _POSIX_PTHREAD_SEMANTICS 1
| #define _TANDEM_SOURCE 1
| #define HAVE_DLFCN_H 1
| #define LT_OBJDIR ".libs/"
| #define SIZEOF_UNSIGNED_SHORT 2
| #define SIZEOF_UNSIGNED_INT 4
| #define SIZEOF_UNSIGNED_LONG 8
| #define SIZEOF_UNSIGNED_LONG_LONG 8
| #define SIZEOF_VOID_P 8
| #define HAVE_UINTPTR_T 1
| #define SIZEOF_UINT64_T 8
| #define EGD_SOCKET_NAME ""
| #define FIPS_MODULE_VERSION ""
| #define PRINTABLE_OS_NAME "GNU/Linux"
| #define NAME_OF_DEV_RANDOM "/dev/random"
| #define NAME_OF_DEV_URANDOM "/dev/urandom"
| #define GPG_ERR_SOURCE_DEFAULT GPG_ERR_SOURCE_GCRYPT
| #define HAVE_PTHREAD 1 
| #define HAVE_UNISTD_H 1
| #define HAVE_SYS_AUXV_H 1
| #define HAVE_SYS_RANDOM_H 1
| #define HAVE_USHORT 1
| #define HAVE_SYS_SOCKET_H 1
| #define HAVE_BUILTIN_BSWAP32 1
| #define HAVE_BUILTIN_BSWAP64 1
| #define HAVE_BUILTIN_CTZ 1
| #define HAVE_BUILTIN_CTZL 1
| #define HAVE_BUILTIN_CLZ 1
| #define HAVE_BUILTIN_CLZL 1
| #define HAVE_SYNC_SYNCHRONIZE 1
| #define HAVE_VLA 1
| #define GCRY_USE_VISIBILITY 1
| #define HAVE_GCC_ATTRIBUTE_ALIGNED 1
| #define HAVE_GCC_ATTRIBUTE_PACKED 1
| #define HAVE_GCC_ATTRIBUTE_MAY_ALIAS 1
| #define HAVE_GCC_ASM_VOLATILE_MEMORY 1
| /* end confdefs.h.  */
| __asm__(
|                 ".text\n\t"
|                 "asmfunc:\n\t"
|                 "eor x0, x0, x30, ror #12;\n\t"
|                 "add x0, x0, x30, asr #12;\n\t"
|                 "eor v0.16b, v0.16b, v31.16b;\n\t"
|               );
| int
| main ()
| {
|  asmfunc();
|   ;
|   return 0;
| }
configure:13068: result: no
configure:13079: checking whether GCC assembler supports for CFI directives
configure:13110: gclang -o conftest -g -O2 -fvisibility=hidden   conftest.c  >&5
configure:13110: $? = 0
configure:13116: result: yes
configure:13128: checking whether GCC assembler supports for ELF directives
configure:13151: gclang -o conftest -g -O2 -fvisibility=hidden   conftest.c  >&5
configure:13151: $? = 0
configure:13157: result: yes
configure:13190: checking for _ prefix in compiled symbols
configure:13200: gclang -c -g -O2 -fvisibility=hidden  conftest.c >&5
conftest.cconftest.c::22::1818::  warningwarning: : expression result unused [-Wunused-value]expression result unused [-Wunused-value]

      int main(){nm_test_func;return 0;}      int main(){nm_test_func;return 0;}

                 ^~~~~~~~~~~~                 ^~~~~~~~~~~~

1 warning generated.
1 warning generated.
configure:13203: $? = 0
configure:13207: /usr/bin/nm -B conftest.o \| sed -n -e 's/^.*[	 ]\([ABCDGIRSTW][ABCDGIRSTW]*\)[	 ][	 ]*\([_A-Za-z][_A-Za-z0-9]*\)$/\1 \2 \2/p' | sed '/ __gnu_lto/d' \| cut -d \' \' -f 2 \> conftest.nm
configure:13210: $? = 0
configure: cannot find nm_test_func in conftest.nm
configure:13237: result: no
configure:13260: checking architecture and mpi assembler functions
configure:13267: result: x86
configure:13461: checking whether compiler supports 'ms_abi' function attribute
configure:13471: gclang -c -g -O2 -fvisibility=hidden -Werror  conftest.c >&5
configure:13471: $? = 0
configure:13476: result: yes
configure:13488: checking whether compiler supports 'sysv_abi' function attribute
configure:13498: gclang -c -g -O2 -fvisibility=hidden -Werror  conftest.c >&5
configure:13498: $? = 0
configure:13503: result: yes
configure:13516: checking whether default calling convention is 'ms_abi'
configure:13532: gclang -c -g -O2 -fvisibility=hidden -Werror  conftest.c >&5
conftest.cconftest.c::6868::2929::  errorerror: : incompatible function pointer types assigning to 'void *((*))(void) __attribute__((ms_abi))' from 'void *(*)(void)' [-Werror,-Wincompatible-function-pointer-types]incompatible function pointer types assigning to 'void *((*))(void) __attribute__((ms_abi))' from 'void *(*)(void)' [-Werror,-Wincompatible-function-pointer-types]

                 msabi_func = def_func;                 msabi_func = def_func;

                            ^ ~~~~~~~~                            ^ ~~~~~~~~

1 error generated.
1 error generated.
ERROR:Failed to build bitcode file for conftest.c because: exit status 1
ERROR:Failed to compile using given arguments:
/usr/lib/llvm-12/bin/clang [-c -g -O2 -fvisibility=hidden -Werror conftest.c]
exit status: exit status 1
configure:13532: $? = 1
configure: failed program was:
| /* confdefs.h */
| #define PACKAGE_NAME "libgcrypt"
| #define PACKAGE_TARNAME "libgcrypt"
| #define PACKAGE_VERSION "1.10.1"
| #define PACKAGE_STRING "libgcrypt 1.10.1"
| #define PACKAGE_BUGREPORT "https://bugs.gnupg.org"
| #define PACKAGE_URL ""
| #define PACKAGE "libgcrypt"
| #define VERSION "1.10.1"
| #define STDC_HEADERS 1
| #define HAVE_SYS_TYPES_H 1
| #define HAVE_SYS_STAT_H 1
| #define HAVE_STDLIB_H 1
| #define HAVE_STRING_H 1
| #define HAVE_MEMORY_H 1
| #define HAVE_STRINGS_H 1
| #define HAVE_INTTYPES_H 1
| #define HAVE_STDINT_H 1
| #define HAVE_UNISTD_H 1
| #define __EXTENSIONS__ 1
| #define _ALL_SOURCE 1
| #define _GNU_SOURCE 1
| #define _POSIX_PTHREAD_SEMANTICS 1
| #define _TANDEM_SOURCE 1
| #define HAVE_DLFCN_H 1
| #define LT_OBJDIR ".libs/"
| #define SIZEOF_UNSIGNED_SHORT 2
| #define SIZEOF_UNSIGNED_INT 4
| #define SIZEOF_UNSIGNED_LONG 8
| #define SIZEOF_UNSIGNED_LONG_LONG 8
| #define SIZEOF_VOID_P 8
| #define HAVE_UINTPTR_T 1
| #define SIZEOF_UINT64_T 8
| #define EGD_SOCKET_NAME ""
| #define FIPS_MODULE_VERSION ""
| #define PRINTABLE_OS_NAME "GNU/Linux"
| #define NAME_OF_DEV_RANDOM "/dev/random"
| #define NAME_OF_DEV_URANDOM "/dev/urandom"
| #define GPG_ERR_SOURCE_DEFAULT GPG_ERR_SOURCE_GCRYPT
| #define HAVE_PTHREAD 1 
| #define HAVE_UNISTD_H 1
| #define HAVE_SYS_AUXV_H 1
| #define HAVE_SYS_RANDOM_H 1
| #define HAVE_USHORT 1
| #define HAVE_SYS_SOCKET_H 1
| #define HAVE_BUILTIN_BSWAP32 1
| #define HAVE_BUILTIN_BSWAP64 1
| #define HAVE_BUILTIN_CTZ 1
| #define HAVE_BUILTIN_CTZL 1
| #define HAVE_BUILTIN_CLZ 1
| #define HAVE_BUILTIN_CLZL 1
| #define HAVE_SYNC_SYNCHRONIZE 1
| #define HAVE_VLA 1
| #define GCRY_USE_VISIBILITY 1
| #define HAVE_GCC_ATTRIBUTE_ALIGNED 1
| #define HAVE_GCC_ATTRIBUTE_PACKED 1
| #define HAVE_GCC_ATTRIBUTE_MAY_ALIAS 1
| #define HAVE_GCC_ASM_VOLATILE_MEMORY 1
| #define HAVE_GCC_ASM_CFI_DIRECTIVES 1
| #define HAVE_GCC_ASM_ELF_DIRECTIVES 1
| #define HAVE_GCC_ATTRIBUTE_MS_ABI 1
| #define HAVE_GCC_ATTRIBUTE_SYSV_ABI 1
| /* end confdefs.h.  */
| void *test(void) {
|                  void *(*def_func)(void) = test;
|                  void *__attribute__((ms_abi))(*msabi_func)(void);
|                  /* warning on SysV abi targets, passes on Windows based targets */
|                  msabi_func = def_func;
|                  return msabi_func;
|              }
configure:13537: result: no
configure:13551: checking whether default calling convention is 'sysv_abi'
configure:13567: gclang -c -g -O2 -fvisibility=hidden -Werror  conftest.c >&5
configure:13567: $? = 0
configure:13572: result: yes
configure:13590: checking whether GCC inline assembler supports SSSE3 instructions
configure:13615: gclang -o conftest -g -O2 -fvisibility=hidden   conftest.c  >&5
configure:13615: $? = 0
configure:13622: result: yes
configure:13634: checking whether GCC inline assembler supports PCLMUL instructions
configure:13657: gclang -o conftest -g -O2 -fvisibility=hidden   conftest.c  >&5
configure:13657: $? = 0
configure:13664: result: yes
configure:13676: checking whether GCC inline assembler supports SHA Extensions instructions
configure:13705: gclang -o conftest -g -O2 -fvisibility=hidden   conftest.c  >&5
configure:13705: $? = 0
configure:13712: result: yes
configure:13724: checking whether GCC inline assembler supports SSE4.1 instructions
configure:13748: gclang -o conftest -g -O2 -fvisibility=hidden   conftest.c  >&5
configure:13748: $? = 0
configure:13755: result: yes
configure:13767: checking whether GCC inline assembler supports AVX instructions
configure:13790: gclang -o conftest -g -O2 -fvisibility=hidden   conftest.c  >&5
configure:13790: $? = 0
configure:13797: result: yes
configure:13809: checking whether GCC inline assembler supports AVX2 instructions
configure:13832: gclang -o conftest -g -O2 -fvisibility=hidden   conftest.c  >&5
configure:13832: $? = 0
configure:13839: result: yes
configure:13851: checking whether GCC inline assembler supports VAES and VPCLMUL instructions
configure:13877: gclang -o conftest -g -O2 -fvisibility=hidden   conftest.c  >&5
configure:13877: $? = 0
configure:13884: result: yes
configure:13896: checking whether GCC inline assembler supports BMI2 instructions
configure:13926: gclang -o conftest -g -O2 -fvisibility=hidden   conftest.c  >&5
configure:13926: $? = 0
configure:13933: result: yes
configure:13947: checking whether GCC assembler handles division correctly
configure:13964: gclang -o conftest -g -O2 -fvisibility=hidden   conftest.c  >&5
conftest.c:77:1: warning: implicit declaration of function 'fn' is invalid in C99 [-Wimplicit-function-declaration]
fn();
^
1 warning generated.
conftest.c:77:1: warning: implicit declaration of function 'fn' is invalid in C99 [-Wimplicit-function-declaration]
fn();
^
1 warning generated.
conftest.c:77:1: warning: implicit declaration of function 'fn' is invalid in C99 [-Wimplicit-function-declaration]
fn();
^
1 warning generated.
configure:13964: $? = 0
configure:13970: result: yes
configure:14016: checking whether GCC assembler is compatible for amd64 assembly implementations
configure:14049: gclang -o conftest -g -O2 -fvisibility=hidden   conftest.c  >&5
conftest.c:89:2: warning: implicit declaration of function 'asmfunc' is invalid in C99 [-Wimplicit-function-declaration]
 asmfunc();
 ^
1 warning generated.
conftest.c:89:2: warning: implicit declaration of function 'asmfunc' is invalid in C99 [-Wimplicit-function-declaration]
 asmfunc();
 ^
1 warning generated.
conftest.c:89:2: warning: implicit declaration of function 'asmfunc' is invalid in C99 [-Wimplicit-function-declaration]
 asmfunc();
 ^
1 warning generated.
configure:14049: $? = 0
configure:14056: result: yes
configure:14109: checking whether GCC assembler is compatible for Intel syntax assembly implementations
configure:14141: gclang -o conftest -g -O2 -fvisibility=hidden   conftest.c  >&5
conftest.c:89:2: warning: implicit declaration of function 'actest' is invalid in C99 [-Wimplicit-function-declaration]
 actest();
 ^
1 warning generated.
conftest.c:89:2: warning: implicit declaration of function 'actest' is invalid in C99 [-Wimplicit-function-declaration]
 actest();
 ^
1 warning generated.
conftest.c:89:2: warning: implicit declaration of function 'actest' is invalid in C99 [-Wimplicit-function-declaration]
 actest();
 ^
1 warning generated.
configure:14141: $? = 0
configure:14148: result: yes
configure:14160: checking whether compiler is configured for ARMv6 or newer architecture
configure:14194: result: n/a
configure:14206: checking whether GCC inline assembler supports NEON instructions
configure:14245: result: n/a
configure:14257: checking whether GCC inline assembler supports AArch32 Crypto Extension instructions
configure:14312: result: n/a
configure:14324: checking whether GCC inline assembler supports AArch64 NEON instructions
configure:14360: result: n/a
configure:14372: checking whether GCC inline assembler supports AArch64 Crypto Extension instructions
configure:14428: result: n/a
configure:14440: checking whether compiler supports PowerPC AltiVec/VSX intrinsics
configure:14469: result: n/a
configure:14534: checking whether GCC inline assembler supports PowerPC AltiVec/VSX/crypto instructions
configure:14574: result: n/a
configure:14586: checking whether GCC inline assembler supports PowerISA 3.00 instructions
configure:14619: result: n/a
configure:14631: checking whether GCC inline assembler supports zSeries instructions
configure:14699: result: n/a
configure:14711: checking whether GCC inline assembler supports zSeries vector instructions
configure:14750: result: n/a
configure:14765: checking for vprintf
configure:14765: gclang -o conftest -g -O2 -fvisibility=hidden   conftest.c  >&5
conftest.c:98:6: warning: incompatible redeclaration of library function 'vprintf' [-Wincompatible-library-redeclaration]
char vprintf ();
     ^
conftest.c:98:6: note: 'vprintf' is a builtin with type 'int (const char *, struct __va_list_tag *)'
1 warning generated.
conftest.c:98:6: warning: incompatible redeclaration of library function 'vprintf' [-Wincompatible-library-redeclaration]
char vprintf ();
     ^
conftest.c:98:6: note: 'vprintf' is a builtin with type 'int (const char *, struct __va_list_tag *)'
1 warning generated.
conftest.c:98:6: warning: incompatible redeclaration of library function 'vprintf' [-Wincompatible-library-redeclaration]
char vprintf ();
     ^
conftest.c:98:6: note: 'vprintf' is a builtin with type 'int (const char *, struct __va_list_tag *)'
1 warning generated.
configure:14765: $? = 0
configure:14765: result: yes
configure:14771: checking for _doprnt
configure:14771: gclang -o conftest -g -O2 -fvisibility=hidden   conftest.c  >&5
/usr/bin/ld: /tmp/conftest-04652d.o: in function `main':
/home/luwei/libgcrypt-1.10.1/conftest.c:110: undefined reference to `_doprnt'
clang: error: linker command failed with exit code 1 (use -v to see invocation)
ERROR:Failed to compile using given arguments:
/usr/lib/llvm-12/bin/clang [-o conftest -g -O2 -fvisibility=hidden conftest.c]
exit status: exit status 1
configure:14771: $? = 1
configure: failed program was:
| /* confdefs.h */
| #define PACKAGE_NAME "libgcrypt"
| #define PACKAGE_TARNAME "libgcrypt"
| #define PACKAGE_VERSION "1.10.1"
| #define PACKAGE_STRING "libgcrypt 1.10.1"
| #define PACKAGE_BUGREPORT "https://bugs.gnupg.org"
| #define PACKAGE_URL ""
| #define PACKAGE "libgcrypt"
| #define VERSION "1.10.1"
| #define STDC_HEADERS 1
| #define HAVE_SYS_TYPES_H 1
| #define HAVE_SYS_STAT_H 1
| #define HAVE_STDLIB_H 1
| #define HAVE_STRING_H 1
| #define HAVE_MEMORY_H 1
| #define HAVE_STRINGS_H 1
| #define HAVE_INTTYPES_H 1
| #define HAVE_STDINT_H 1
| #define HAVE_UNISTD_H 1
| #define __EXTENSIONS__ 1
| #define _ALL_SOURCE 1
| #define _GNU_SOURCE 1
| #define _POSIX_PTHREAD_SEMANTICS 1
| #define _TANDEM_SOURCE 1
| #define HAVE_DLFCN_H 1
| #define LT_OBJDIR ".libs/"
| #define SIZEOF_UNSIGNED_SHORT 2
| #define SIZEOF_UNSIGNED_INT 4
| #define SIZEOF_UNSIGNED_LONG 8
| #define SIZEOF_UNSIGNED_LONG_LONG 8
| #define SIZEOF_VOID_P 8
| #define HAVE_UINTPTR_T 1
| #define SIZEOF_UINT64_T 8
| #define EGD_SOCKET_NAME ""
| #define FIPS_MODULE_VERSION ""
| #define PRINTABLE_OS_NAME "GNU/Linux"
| #define NAME_OF_DEV_RANDOM "/dev/random"
| #define NAME_OF_DEV_URANDOM "/dev/urandom"
| #define GPG_ERR_SOURCE_DEFAULT GPG_ERR_SOURCE_GCRYPT
| #define HAVE_PTHREAD 1 
| #define HAVE_UNISTD_H 1
| #define HAVE_SYS_AUXV_H 1
| #define HAVE_SYS_RANDOM_H 1
| #define HAVE_USHORT 1
| #define HAVE_SYS_SOCKET_H 1
| #define HAVE_BUILTIN_BSWAP32 1
| #define HAVE_BUILTIN_BSWAP64 1
| #define HAVE_BUILTIN_CTZ 1
| #define HAVE_BUILTIN_CTZL 1
| #define HAVE_BUILTIN_CLZ 1
| #define HAVE_BUILTIN_CLZL 1
| #define HAVE_SYNC_SYNCHRONIZE 1
| #define HAVE_VLA 1
| #define GCRY_USE_VISIBILITY 1
| #define HAVE_GCC_ATTRIBUTE_ALIGNED 1
| #define HAVE_GCC_ATTRIBUTE_PACKED 1
| #define HAVE_GCC_ATTRIBUTE_MAY_ALIAS 1
| #define HAVE_GCC_ASM_VOLATILE_MEMORY 1
| #define HAVE_GCC_ASM_CFI_DIRECTIVES 1
| #define HAVE_GCC_ASM_ELF_DIRECTIVES 1
| #define HAVE_GCC_ATTRIBUTE_MS_ABI 1
| #define HAVE_GCC_ATTRIBUTE_SYSV_ABI 1
| #define HAVE_GCC_DEFAULT_ABI_IS_SYSV_ABI 1
| #define HAVE_GCC_INLINE_ASM_SSSE3 1
| #define HAVE_GCC_INLINE_ASM_PCLMUL 1
| #define HAVE_GCC_INLINE_ASM_SHAEXT 1
| #define HAVE_GCC_INLINE_ASM_SSE41 1
| #define HAVE_GCC_INLINE_ASM_AVX 1
| #define HAVE_GCC_INLINE_ASM_AVX2 1
| #define HAVE_GCC_INLINE_ASM_VAES_VPCLMUL 1
| #define HAVE_GCC_INLINE_ASM_BMI2 1
| #define HAVE_COMPATIBLE_GCC_AMD64_PLATFORM_AS 1
| #define HAVE_INTEL_SYNTAX_PLATFORM_AS 1
| #define HAVE_VPRINTF 1
| /* end confdefs.h.  */
| /* Define _doprnt to an innocuous variant, in case <limits.h> declares _doprnt.
|    For example, HP-UX 11i <limits.h> declares gettimeofday.  */
| #define _doprnt innocuous__doprnt
| 
| /* System header to define __stub macros and hopefully few prototypes,
|     which can conflict with char _doprnt (); below.
|     Prefer <limits.h> to <assert.h> if __STDC__ is defined, since
|     <limits.h> exists even on freestanding compilers.  */
| 
| #ifdef __STDC__
| # include <limits.h>
| #else
| # include <assert.h>
| #endif
| 
| #undef _doprnt
| 
| /* Override any GCC internal prototype to avoid an error.
|    Use char because int might match the return type of a GCC
|    builtin and then its argument prototype would still apply.  */
| #ifdef __cplusplus
| extern "C"
| #endif
| char _doprnt ();
| /* The GNU C library defines this for functions which it implements
|     to always fail with ENOSYS.  Some functions are actually named
|     something starting with __ and the normal name is an alias.  */
| #if defined __stub__doprnt || defined __stub____doprnt
| choke me
| #endif
| 
| int
| main ()
| {
| return _doprnt ();
|   ;
|   return 0;
| }
configure:14771: result: no
configure:14786: checking for stpcpy
configure:14786: gclang -o conftest -g -O2 -fvisibility=hidden   conftest.c  >&5
conftest.c:99:6: warning: incompatible redeclaration of library function 'stpcpy' [-Wincompatible-library-redeclaration]
char stpcpy ();
     ^
conftest.c:99:6: note: 'stpcpy' is a builtin with type 'char *(char *, const char *)'
1 warning generated.
conftest.c:99:6: warning: incompatible redeclaration of library function 'stpcpy' [-Wincompatible-library-redeclaration]
char stpcpy ();
     ^
conftest.c:99:6: note: 'stpcpy' is a builtin with type 'char *(char *, const char *)'
conftest.c:99:6: warning: incompatible redeclaration of library function 'stpcpy' [-Wincompatible-library-redeclaration]
char stpcpy ();
     ^
conftest.c:99:6: note: 'stpcpy' is a builtin with type 'char *(char *, const char *)'
1 warning generated.
1 warning generated.
configure:14786: $? = 0
configure:14786: result: yes
configure:14786: checking for strcasecmp
configure:14786: gclang -o conftest -g -O2 -fvisibility=hidden   conftest.c  >&5
conftest.c:100:6: warning: incompatible redeclaration of library function 'strcasecmp' [-Wincompatible-library-redeclaration]
char strcasecmp ();
     ^
conftest.c:100:6: note: 'strcasecmp' is a builtin with type 'int (const char *, const char *)'
1 warning generated.
conftest.c:100:6: warning: incompatible redeclaration of library function 'strcasecmp' [-Wincompatible-library-redeclaration]
char strcasecmp ();
     ^
conftest.c:100:6: note: 'strcasecmp' is a builtin with type 'int (const char *, const char *)'
1 warning generated.
conftest.c:100:6: warning: incompatible redeclaration of library function 'strcasecmp' [-Wincompatible-library-redeclaration]
char strcasecmp ();
     ^
conftest.c:100:6: note: 'strcasecmp' is a builtin with type 'int (const char *, const char *)'
1 warning generated.
configure:14786: $? = 0
configure:14786: result: yes
configure:14799: checking for strtoul
configure:14799: gclang -o conftest -g -O2 -fvisibility=hidden   conftest.c  >&5
conftest.c:101:6: warning: incompatible redeclaration of library function 'strtoul' [-Wincompatible-library-redeclaration]
char strtoul ();
     ^
conftest.c:101:6: note: 'strtoul' is a builtin with type 'unsigned long (const char *, char **, int)'
1 warning generated.
conftest.c:101:6: warning: incompatible redeclaration of library function 'strtoul' [-Wincompatible-library-redeclaration]
char strtoul ();
     ^
conftest.c:101:6: note: 'strtoul' is a builtin with type 'unsigned long (const char *, char **, int)'
1 warning generated.
conftest.c:101:6: warning: incompatible redeclaration of library function 'strtoul' [-Wincompatible-library-redeclaration]
char strtoul ();
     ^
conftest.c:101:6: note: 'strtoul' is a builtin with type 'unsigned long (const char *, char **, int)'
1 warning generated.
configure:14799: $? = 0
configure:14799: result: yes
configure:14799: checking for memmove
configure:14799: gclang -o conftest -g -O2 -fvisibility=hidden   conftest.c  >&5
conftest.c:102:6: warning: incompatible redeclaration of library function 'memmove' [-Wincompatible-library-redeclaration]
char memmove ();
     ^
conftest.c:102:6: note: 'memmove' is a builtin with type 'void *(void *, const void *, unsigned long)'
1 warning generated.
conftest.c:102:6: warning: incompatible redeclaration of library function 'memmove' [-Wincompatible-library-redeclaration]
char memmove ();
     ^
conftest.c:102:6: note: 'memmove' is a builtin with type 'void *(void *, const void *, unsigned long)'
1 warning generated.
conftest.c:102:6: warning: incompatible redeclaration of library function 'memmove' [-Wincompatible-library-redeclaration]
char memmove ();
     ^
conftest.c:102:6: note: 'memmove' is a builtin with type 'void *(void *, const void *, unsigned long)'
1 warning generated.
configure:14799: $? = 0
configure:14799: result: yes
configure:14799: checking for stricmp
configure:14799: gclang -o conftest -g -O2 -fvisibility=hidden   conftest.c  >&5
/usr/bin/ld: /tmp/conftest-e0def3.o: in function `main':
/home/luwei/libgcrypt-1.10.1/conftest.c:114: undefined reference to `stricmp'
clang: error: linker command failed with exit code 1 (use -v to see invocation)
ERROR:Failed to compile using given arguments:
/usr/lib/llvm-12/bin/clang [-o conftest -g -O2 -fvisibility=hidden conftest.c]
exit status: exit status 1
configure:14799: $? = 1
configure: failed program was:
| /* confdefs.h */
| #define PACKAGE_NAME "libgcrypt"
| #define PACKAGE_TARNAME "libgcrypt"
| #define PACKAGE_VERSION "1.10.1"
| #define PACKAGE_STRING "libgcrypt 1.10.1"
| #define PACKAGE_BUGREPORT "https://bugs.gnupg.org"
| #define PACKAGE_URL ""
| #define PACKAGE "libgcrypt"
| #define VERSION "1.10.1"
| #define STDC_HEADERS 1
| #define HAVE_SYS_TYPES_H 1
| #define HAVE_SYS_STAT_H 1
| #define HAVE_STDLIB_H 1
| #define HAVE_STRING_H 1
| #define HAVE_MEMORY_H 1
| #define HAVE_STRINGS_H 1
| #define HAVE_INTTYPES_H 1
| #define HAVE_STDINT_H 1
| #define HAVE_UNISTD_H 1
| #define __EXTENSIONS__ 1
| #define _ALL_SOURCE 1
| #define _GNU_SOURCE 1
| #define _POSIX_PTHREAD_SEMANTICS 1
| #define _TANDEM_SOURCE 1
| #define HAVE_DLFCN_H 1
| #define LT_OBJDIR ".libs/"
| #define SIZEOF_UNSIGNED_SHORT 2
| #define SIZEOF_UNSIGNED_INT 4
| #define SIZEOF_UNSIGNED_LONG 8
| #define SIZEOF_UNSIGNED_LONG_LONG 8
| #define SIZEOF_VOID_P 8
| #define HAVE_UINTPTR_T 1
| #define SIZEOF_UINT64_T 8
| #define EGD_SOCKET_NAME ""
| #define FIPS_MODULE_VERSION ""
| #define PRINTABLE_OS_NAME "GNU/Linux"
| #define NAME_OF_DEV_RANDOM "/dev/random"
| #define NAME_OF_DEV_URANDOM "/dev/urandom"
| #define GPG_ERR_SOURCE_DEFAULT GPG_ERR_SOURCE_GCRYPT
| #define HAVE_PTHREAD 1 
| #define HAVE_UNISTD_H 1
| #define HAVE_SYS_AUXV_H 1
| #define HAVE_SYS_RANDOM_H 1
| #define HAVE_USHORT 1
| #define HAVE_SYS_SOCKET_H 1
| #define HAVE_BUILTIN_BSWAP32 1
| #define HAVE_BUILTIN_BSWAP64 1
| #define HAVE_BUILTIN_CTZ 1
| #define HAVE_BUILTIN_CTZL 1
| #define HAVE_BUILTIN_CLZ 1
| #define HAVE_BUILTIN_CLZL 1
| #define HAVE_SYNC_SYNCHRONIZE 1
| #define HAVE_VLA 1
| #define GCRY_USE_VISIBILITY 1
| #define HAVE_GCC_ATTRIBUTE_ALIGNED 1
| #define HAVE_GCC_ATTRIBUTE_PACKED 1
| #define HAVE_GCC_ATTRIBUTE_MAY_ALIAS 1
| #define HAVE_GCC_ASM_VOLATILE_MEMORY 1
| #define HAVE_GCC_ASM_CFI_DIRECTIVES 1
| #define HAVE_GCC_ASM_ELF_DIRECTIVES 1
| #define HAVE_GCC_ATTRIBUTE_MS_ABI 1
| #define HAVE_GCC_ATTRIBUTE_SYSV_ABI 1
| #define HAVE_GCC_DEFAULT_ABI_IS_SYSV_ABI 1
| #define HAVE_GCC_INLINE_ASM_SSSE3 1
| #define HAVE_GCC_INLINE_ASM_PCLMUL 1
| #define HAVE_GCC_INLINE_ASM_SHAEXT 1
| #define HAVE_GCC_INLINE_ASM_SSE41 1
| #define HAVE_GCC_INLINE_ASM_AVX 1
| #define HAVE_GCC_INLINE_ASM_AVX2 1
| #define HAVE_GCC_INLINE_ASM_VAES_VPCLMUL 1
| #define HAVE_GCC_INLINE_ASM_BMI2 1
| #define HAVE_COMPATIBLE_GCC_AMD64_PLATFORM_AS 1
| #define HAVE_INTEL_SYNTAX_PLATFORM_AS 1
| #define HAVE_VPRINTF 1
| #define HAVE_STPCPY 1
| #define HAVE_STRCASECMP 1
| #define HAVE_STRTOUL 1
| #define HAVE_MEMMOVE 1
| /* end confdefs.h.  */
| /* Define stricmp to an innocuous variant, in case <limits.h> declares stricmp.
|    For example, HP-UX 11i <limits.h> declares gettimeofday.  */
| #define stricmp innocuous_stricmp
| 
| /* System header to define __stub macros and hopefully few prototypes,
|     which can conflict with char stricmp (); below.
|     Prefer <limits.h> to <assert.h> if __STDC__ is defined, since
|     <limits.h> exists even on freestanding compilers.  */
| 
| #ifdef __STDC__
| # include <limits.h>
| #else
| # include <assert.h>
| #endif
| 
| #undef stricmp
| 
| /* Override any GCC internal prototype to avoid an error.
|    Use char because int might match the return type of a GCC
|    builtin and then its argument prototype would still apply.  */
| #ifdef __cplusplus
| extern "C"
| #endif
| char stricmp ();
| /* The GNU C library defines this for functions which it implements
|     to always fail with ENOSYS.  Some functions are actually named
|     something starting with __ and the normal name is an alias.  */
| #if defined __stub_stricmp || defined __stub___stricmp
| choke me
| #endif
| 
| int
| main ()
| {
| return stricmp ();
|   ;
|   return 0;
| }
configure:14799: result: no
configure:14799: checking for atexit
configure:14799: gclang -o conftest -g -O2 -fvisibility=hidden   conftest.c  >&5
configure:14799: $? = 0
configure:14799: result: yes
configure:14799: checking for raise
configure:14799: gclang -o conftest -g -O2 -fvisibility=hidden   conftest.c  >&5
configure:14799: $? = 0
configure:14799: result: yes
configure:14812: checking for strerror
configure:14812: gclang -o conftest -g -O2 -fvisibility=hidden   conftest.c  >&5
conftest.c:105:6: warning: incompatible redeclaration of library function 'strerror' [-Wincompatible-library-redeclaration]
char strerror ();
     ^
conftest.c:105:6: note: 'strerror' is a builtin with type 'char *(int)'
1 warning generated.
conftest.c:105:6: warning: incompatible redeclaration of library function 'strerror' [-Wincompatible-library-redeclaration]
char strerror ();
     ^
conftest.c:105:6: note: 'strerror' is a builtin with type 'char *(int)'
1 warning generated.
conftest.c:105:6: warning: incompatible redeclaration of library function 'strerror' [-Wincompatible-library-redeclaration]
char strerror ();
     ^
conftest.c:105:6: note: 'strerror' is a builtin with type 'char *(int)'
1 warning generated.
configure:14812: $? = 0
configure:14812: result: yes
configure:14812: checking for rand
configure:14812: gclang -o conftest -g -O2 -fvisibility=hidden   conftest.c  >&5
configure:14812: $? = 0
configure:14812: result: yes
configure:14812: checking for mmap
configure:14812: gclang -o conftest -g -O2 -fvisibility=hidden   conftest.c  >&5
configure:14812: $? = 0
configure:14812: result: yes
configure:14812: checking for getpagesize
configure:14812: gclang -o conftest -g -O2 -fvisibility=hidden   conftest.c  >&5
configure:14812: $? = 0
configure:14812: result: yes
configure:14812: checking for sysconf
configure:14812: gclang -o conftest -g -O2 -fvisibility=hidden   conftest.c  >&5
configure:14812: $? = 0
configure:14812: result: yes
configure:14812: checking for waitpid
configure:14812: gclang -o conftest -g -O2 -fvisibility=hidden   conftest.c  >&5
configure:14812: $? = 0
configure:14812: result: yes
configure:14812: checking for wait4
configure:14812: gclang -o conftest -g -O2 -fvisibility=hidden   conftest.c  >&5
configure:14812: $? = 0
configure:14812: result: yes
configure:14824: checking for gettimeofday
configure:14824: gclang -o conftest -g -O2 -fvisibility=hidden   conftest.c  >&5
configure:14824: $? = 0
configure:14824: result: yes
configure:14824: checking for getrusage
configure:14824: gclang -o conftest -g -O2 -fvisibility=hidden   conftest.c  >&5
configure:14824: $? = 0
configure:14824: result: yes
configure:14824: checking for gethrtime
configure:14824: gclang -o conftest -g -O2 -fvisibility=hidden   conftest.c  >&5
/usr/bin/ld: /tmp/conftest-6747d8.o: in function `main':
/home/luwei/libgcrypt-1.10.1/conftest.c:125: undefined reference to `gethrtime'
clang: error: linker command failed with exit code 1 (use -v to see invocation)
ERROR:Failed to compile using given arguments:
/usr/lib/llvm-12/bin/clang [-o conftest -g -O2 -fvisibility=hidden conftest.c]
exit status: exit status 1
configure:14824: $? = 1
configure: failed program was:
| /* confdefs.h */
| #define PACKAGE_NAME "libgcrypt"
| #define PACKAGE_TARNAME "libgcrypt"
| #define PACKAGE_VERSION "1.10.1"
| #define PACKAGE_STRING "libgcrypt 1.10.1"
| #define PACKAGE_BUGREPORT "https://bugs.gnupg.org"
| #define PACKAGE_URL ""
| #define PACKAGE "libgcrypt"
| #define VERSION "1.10.1"
| #define STDC_HEADERS 1
| #define HAVE_SYS_TYPES_H 1
| #define HAVE_SYS_STAT_H 1
| #define HAVE_STDLIB_H 1
| #define HAVE_STRING_H 1
| #define HAVE_MEMORY_H 1
| #define HAVE_STRINGS_H 1
| #define HAVE_INTTYPES_H 1
| #define HAVE_STDINT_H 1
| #define HAVE_UNISTD_H 1
| #define __EXTENSIONS__ 1
| #define _ALL_SOURCE 1
| #define _GNU_SOURCE 1
| #define _POSIX_PTHREAD_SEMANTICS 1
| #define _TANDEM_SOURCE 1
| #define HAVE_DLFCN_H 1
| #define LT_OBJDIR ".libs/"
| #define SIZEOF_UNSIGNED_SHORT 2
| #define SIZEOF_UNSIGNED_INT 4
| #define SIZEOF_UNSIGNED_LONG 8
| #define SIZEOF_UNSIGNED_LONG_LONG 8
| #define SIZEOF_VOID_P 8
| #define HAVE_UINTPTR_T 1
| #define SIZEOF_UINT64_T 8
| #define EGD_SOCKET_NAME ""
| #define FIPS_MODULE_VERSION ""
| #define PRINTABLE_OS_NAME "GNU/Linux"
| #define NAME_OF_DEV_RANDOM "/dev/random"
| #define NAME_OF_DEV_URANDOM "/dev/urandom"
| #define GPG_ERR_SOURCE_DEFAULT GPG_ERR_SOURCE_GCRYPT
| #define HAVE_PTHREAD 1 
| #define HAVE_UNISTD_H 1
| #define HAVE_SYS_AUXV_H 1
| #define HAVE_SYS_RANDOM_H 1
| #define HAVE_USHORT 1
| #define HAVE_SYS_SOCKET_H 1
| #define HAVE_BUILTIN_BSWAP32 1
| #define HAVE_BUILTIN_BSWAP64 1
| #define HAVE_BUILTIN_CTZ 1
| #define HAVE_BUILTIN_CTZL 1
| #define HAVE_BUILTIN_CLZ 1
| #define HAVE_BUILTIN_CLZL 1
| #define HAVE_SYNC_SYNCHRONIZE 1
| #define HAVE_VLA 1
| #define GCRY_USE_VISIBILITY 1
| #define HAVE_GCC_ATTRIBUTE_ALIGNED 1
| #define HAVE_GCC_ATTRIBUTE_PACKED 1
| #define HAVE_GCC_ATTRIBUTE_MAY_ALIAS 1
| #define HAVE_GCC_ASM_VOLATILE_MEMORY 1
| #define HAVE_GCC_ASM_CFI_DIRECTIVES 1
| #define HAVE_GCC_ASM_ELF_DIRECTIVES 1
| #define HAVE_GCC_ATTRIBUTE_MS_ABI 1
| #define HAVE_GCC_ATTRIBUTE_SYSV_ABI 1
| #define HAVE_GCC_DEFAULT_ABI_IS_SYSV_ABI 1
| #define HAVE_GCC_INLINE_ASM_SSSE3 1
| #define HAVE_GCC_INLINE_ASM_PCLMUL 1
| #define HAVE_GCC_INLINE_ASM_SHAEXT 1
| #define HAVE_GCC_INLINE_ASM_SSE41 1
| #define HAVE_GCC_INLINE_ASM_AVX 1
| #define HAVE_GCC_INLINE_ASM_AVX2 1
| #define HAVE_GCC_INLINE_ASM_VAES_VPCLMUL 1
| #define HAVE_GCC_INLINE_ASM_BMI2 1
| #define HAVE_COMPATIBLE_GCC_AMD64_PLATFORM_AS 1
| #define HAVE_INTEL_SYNTAX_PLATFORM_AS 1
| #define HAVE_VPRINTF 1
| #define HAVE_STPCPY 1
| #define HAVE_STRCASECMP 1
| #define HAVE_STRTOUL 1
| #define HAVE_MEMMOVE 1
| #define HAVE_ATEXIT 1
| #define HAVE_RAISE 1
| #define HAVE_STRERROR 1
| #define HAVE_RAND 1
| #define HAVE_MMAP 1
| #define HAVE_GETPAGESIZE 1
| #define HAVE_SYSCONF 1
| #define HAVE_WAITPID 1
| #define HAVE_WAIT4 1
| #define HAVE_GETTIMEOFDAY 1
| #define HAVE_GETRUSAGE 1
| /* end confdefs.h.  */
| /* Define gethrtime to an innocuous variant, in case <limits.h> declares gethrtime.
|    For example, HP-UX 11i <limits.h> declares gettimeofday.  */
| #define gethrtime innocuous_gethrtime
| 
| /* System header to define __stub macros and hopefully few prototypes,
|     which can conflict with char gethrtime (); below.
|     Prefer <limits.h> to <assert.h> if __STDC__ is defined, since
|     <limits.h> exists even on freestanding compilers.  */
| 
| #ifdef __STDC__
| # include <limits.h>
| #else
| # include <assert.h>
| #endif
| 
| #undef gethrtime
| 
| /* Override any GCC internal prototype to avoid an error.
|    Use char because int might match the return type of a GCC
|    builtin and then its argument prototype would still apply.  */
| #ifdef __cplusplus
| extern "C"
| #endif
| char gethrtime ();
| /* The GNU C library defines this for functions which it implements
|     to always fail with ENOSYS.  Some functions are actually named
|     something starting with __ and the normal name is an alias.  */
| #if defined __stub_gethrtime || defined __stub___gethrtime
| choke me
| #endif
| 
| int
| main ()
| {
| return gethrtime ();
|   ;
|   return 0;
| }
configure:14824: result: no
configure:14824: checking for clock_gettime
configure:14824: gclang -o conftest -g -O2 -fvisibility=hidden   conftest.c  >&5
configure:14824: $? = 0
configure:14824: result: yes
configure:14824: checking for syslog
configure:14824: gclang -o conftest -g -O2 -fvisibility=hidden   conftest.c  >&5
configure:14824: $? = 0
configure:14824: result: yes
configure:14836: checking for syscall
configure:14836: gclang -o conftest -g -O2 -fvisibility=hidden   conftest.c  >&5
configure:14836: $? = 0
configure:14836: result: yes
configure:14836: checking for fcntl
configure:14836: gclang -o conftest -g -O2 -fvisibility=hidden   conftest.c  >&5
configure:14836: $? = 0
configure:14836: result: yes
configure:14836: checking for ftruncate
configure:14836: gclang -o conftest -g -O2 -fvisibility=hidden   conftest.c  >&5
configure:14836: $? = 0
configure:14836: result: yes
configure:14836: checking for flockfile
configure:14836: gclang -o conftest -g -O2 -fvisibility=hidden   conftest.c  >&5
configure:14836: $? = 0
configure:14836: result: yes
configure:14836: checking for getauxval
configure:14836: gclang -o conftest -g -O2 -fvisibility=hidden   conftest.c  >&5
configure:14836: $? = 0
configure:14836: result: yes
configure:14836: checking for elf_aux_info
configure:14836: gclang -o conftest -g -O2 -fvisibility=hidden   conftest.c  >&5
/usr/bin/ld: /tmp/conftest-43d0f6.o: in function `main':
/home/luwei/libgcrypt-1.10.1/conftest.c:132: undefined reference to `elf_aux_info'
clang: error: linker command failed with exit code 1 (use -v to see invocation)
ERROR:Failed to compile using given arguments:
/usr/lib/llvm-12/bin/clang [-o conftest -g -O2 -fvisibility=hidden conftest.c]
exit status: exit status 1
configure:14836: $? = 1
configure: failed program was:
| /* confdefs.h */
| #define PACKAGE_NAME "libgcrypt"
| #define PACKAGE_TARNAME "libgcrypt"
| #define PACKAGE_VERSION "1.10.1"
| #define PACKAGE_STRING "libgcrypt 1.10.1"
| #define PACKAGE_BUGREPORT "https://bugs.gnupg.org"
| #define PACKAGE_URL ""
| #define PACKAGE "libgcrypt"
| #define VERSION "1.10.1"
| #define STDC_HEADERS 1
| #define HAVE_SYS_TYPES_H 1
| #define HAVE_SYS_STAT_H 1
| #define HAVE_STDLIB_H 1
| #define HAVE_STRING_H 1
| #define HAVE_MEMORY_H 1
| #define HAVE_STRINGS_H 1
| #define HAVE_INTTYPES_H 1
| #define HAVE_STDINT_H 1
| #define HAVE_UNISTD_H 1
| #define __EXTENSIONS__ 1
| #define _ALL_SOURCE 1
| #define _GNU_SOURCE 1
| #define _POSIX_PTHREAD_SEMANTICS 1
| #define _TANDEM_SOURCE 1
| #define HAVE_DLFCN_H 1
| #define LT_OBJDIR ".libs/"
| #define SIZEOF_UNSIGNED_SHORT 2
| #define SIZEOF_UNSIGNED_INT 4
| #define SIZEOF_UNSIGNED_LONG 8
| #define SIZEOF_UNSIGNED_LONG_LONG 8
| #define SIZEOF_VOID_P 8
| #define HAVE_UINTPTR_T 1
| #define SIZEOF_UINT64_T 8
| #define EGD_SOCKET_NAME ""
| #define FIPS_MODULE_VERSION ""
| #define PRINTABLE_OS_NAME "GNU/Linux"
| #define NAME_OF_DEV_RANDOM "/dev/random"
| #define NAME_OF_DEV_URANDOM "/dev/urandom"
| #define GPG_ERR_SOURCE_DEFAULT GPG_ERR_SOURCE_GCRYPT
| #define HAVE_PTHREAD 1 
| #define HAVE_UNISTD_H 1
| #define HAVE_SYS_AUXV_H 1
| #define HAVE_SYS_RANDOM_H 1
| #define HAVE_USHORT 1
| #define HAVE_SYS_SOCKET_H 1
| #define HAVE_BUILTIN_BSWAP32 1
| #define HAVE_BUILTIN_BSWAP64 1
| #define HAVE_BUILTIN_CTZ 1
| #define HAVE_BUILTIN_CTZL 1
| #define HAVE_BUILTIN_CLZ 1
| #define HAVE_BUILTIN_CLZL 1
| #define HAVE_SYNC_SYNCHRONIZE 1
| #define HAVE_VLA 1
| #define GCRY_USE_VISIBILITY 1
| #define HAVE_GCC_ATTRIBUTE_ALIGNED 1
| #define HAVE_GCC_ATTRIBUTE_PACKED 1
| #define HAVE_GCC_ATTRIBUTE_MAY_ALIAS 1
| #define HAVE_GCC_ASM_VOLATILE_MEMORY 1
| #define HAVE_GCC_ASM_CFI_DIRECTIVES 1
| #define HAVE_GCC_ASM_ELF_DIRECTIVES 1
| #define HAVE_GCC_ATTRIBUTE_MS_ABI 1
| #define HAVE_GCC_ATTRIBUTE_SYSV_ABI 1
| #define HAVE_GCC_DEFAULT_ABI_IS_SYSV_ABI 1
| #define HAVE_GCC_INLINE_ASM_SSSE3 1
| #define HAVE_GCC_INLINE_ASM_PCLMUL 1
| #define HAVE_GCC_INLINE_ASM_SHAEXT 1
| #define HAVE_GCC_INLINE_ASM_SSE41 1
| #define HAVE_GCC_INLINE_ASM_AVX 1
| #define HAVE_GCC_INLINE_ASM_AVX2 1
| #define HAVE_GCC_INLINE_ASM_VAES_VPCLMUL 1
| #define HAVE_GCC_INLINE_ASM_BMI2 1
| #define HAVE_COMPATIBLE_GCC_AMD64_PLATFORM_AS 1
| #define HAVE_INTEL_SYNTAX_PLATFORM_AS 1
| #define HAVE_VPRINTF 1
| #define HAVE_STPCPY 1
| #define HAVE_STRCASECMP 1
| #define HAVE_STRTOUL 1
| #define HAVE_MEMMOVE 1
| #define HAVE_ATEXIT 1
| #define HAVE_RAISE 1
| #define HAVE_STRERROR 1
| #define HAVE_RAND 1
| #define HAVE_MMAP 1
| #define HAVE_GETPAGESIZE 1
| #define HAVE_SYSCONF 1
| #define HAVE_WAITPID 1
| #define HAVE_WAIT4 1
| #define HAVE_GETTIMEOFDAY 1
| #define HAVE_GETRUSAGE 1
| #define HAVE_CLOCK_GETTIME 1
| #define HAVE_SYSLOG 1
| #define HAVE_SYSCALL 1
| #define HAVE_FCNTL 1
| #define HAVE_FTRUNCATE 1
| #define HAVE_FLOCKFILE 1
| #define HAVE_GETAUXVAL 1
| /* end confdefs.h.  */
| /* Define elf_aux_info to an innocuous variant, in case <limits.h> declares elf_aux_info.
|    For example, HP-UX 11i <limits.h> declares gettimeofday.  */
| #define elf_aux_info innocuous_elf_aux_info
| 
| /* System header to define __stub macros and hopefully few prototypes,
|     which can conflict with char elf_aux_info (); below.
|     Prefer <limits.h> to <assert.h> if __STDC__ is defined, since
|     <limits.h> exists even on freestanding compilers.  */
| 
| #ifdef __STDC__
| # include <limits.h>
| #else
| # include <assert.h>
| #endif
| 
| #undef elf_aux_info
| 
| /* Override any GCC internal prototype to avoid an error.
|    Use char because int might match the return type of a GCC
|    builtin and then its argument prototype would still apply.  */
| #ifdef __cplusplus
| extern "C"
| #endif
| char elf_aux_info ();
| /* The GNU C library defines this for functions which it implements
|     to always fail with ENOSYS.  Some functions are actually named
|     something starting with __ and the normal name is an alias.  */
| #if defined __stub_elf_aux_info || defined __stub___elf_aux_info
| choke me
| #endif
| 
| int
| main ()
| {
| return elf_aux_info ();
|   ;
|   return 0;
| }
configure:14836: result: no
configure:14848: checking for explicit_bzero
configure:14848: gclang -o conftest -g -O2 -fvisibility=hidden   conftest.c  >&5
configure:14848: $? = 0
configure:14848: result: yes
configure:14848: checking for explicit_memset
configure:14848: gclang -o conftest -g -O2 -fvisibility=hidden   conftest.c  >&5
/usr/bin/ld: /tmp/conftest-8f284f.o: in function `main':
/home/luwei/libgcrypt-1.10.1/conftest.c:133: undefined reference to `explicit_memset'
clang: error: linker command failed with exit code 1 (use -v to see invocation)
ERROR:Failed to compile using given arguments:
/usr/lib/llvm-12/bin/clang [-o conftest -g -O2 -fvisibility=hidden conftest.c]
exit status: exit status 1
configure:14848: $? = 1
configure: failed program was:
| /* confdefs.h */
| #define PACKAGE_NAME "libgcrypt"
| #define PACKAGE_TARNAME "libgcrypt"
| #define PACKAGE_VERSION "1.10.1"
| #define PACKAGE_STRING "libgcrypt 1.10.1"
| #define PACKAGE_BUGREPORT "https://bugs.gnupg.org"
| #define PACKAGE_URL ""
| #define PACKAGE "libgcrypt"
| #define VERSION "1.10.1"
| #define STDC_HEADERS 1
| #define HAVE_SYS_TYPES_H 1
| #define HAVE_SYS_STAT_H 1
| #define HAVE_STDLIB_H 1
| #define HAVE_STRING_H 1
| #define HAVE_MEMORY_H 1
| #define HAVE_STRINGS_H 1
| #define HAVE_INTTYPES_H 1
| #define HAVE_STDINT_H 1
| #define HAVE_UNISTD_H 1
| #define __EXTENSIONS__ 1
| #define _ALL_SOURCE 1
| #define _GNU_SOURCE 1
| #define _POSIX_PTHREAD_SEMANTICS 1
| #define _TANDEM_SOURCE 1
| #define HAVE_DLFCN_H 1
| #define LT_OBJDIR ".libs/"
| #define SIZEOF_UNSIGNED_SHORT 2
| #define SIZEOF_UNSIGNED_INT 4
| #define SIZEOF_UNSIGNED_LONG 8
| #define SIZEOF_UNSIGNED_LONG_LONG 8
| #define SIZEOF_VOID_P 8
| #define HAVE_UINTPTR_T 1
| #define SIZEOF_UINT64_T 8
| #define EGD_SOCKET_NAME ""
| #define FIPS_MODULE_VERSION ""
| #define PRINTABLE_OS_NAME "GNU/Linux"
| #define NAME_OF_DEV_RANDOM "/dev/random"
| #define NAME_OF_DEV_URANDOM "/dev/urandom"
| #define GPG_ERR_SOURCE_DEFAULT GPG_ERR_SOURCE_GCRYPT
| #define HAVE_PTHREAD 1 
| #define HAVE_UNISTD_H 1
| #define HAVE_SYS_AUXV_H 1
| #define HAVE_SYS_RANDOM_H 1
| #define HAVE_USHORT 1
| #define HAVE_SYS_SOCKET_H 1
| #define HAVE_BUILTIN_BSWAP32 1
| #define HAVE_BUILTIN_BSWAP64 1
| #define HAVE_BUILTIN_CTZ 1
| #define HAVE_BUILTIN_CTZL 1
| #define HAVE_BUILTIN_CLZ 1
| #define HAVE_BUILTIN_CLZL 1
| #define HAVE_SYNC_SYNCHRONIZE 1
| #define HAVE_VLA 1
| #define GCRY_USE_VISIBILITY 1
| #define HAVE_GCC_ATTRIBUTE_ALIGNED 1
| #define HAVE_GCC_ATTRIBUTE_PACKED 1
| #define HAVE_GCC_ATTRIBUTE_MAY_ALIAS 1
| #define HAVE_GCC_ASM_VOLATILE_MEMORY 1
| #define HAVE_GCC_ASM_CFI_DIRECTIVES 1
| #define HAVE_GCC_ASM_ELF_DIRECTIVES 1
| #define HAVE_GCC_ATTRIBUTE_MS_ABI 1
| #define HAVE_GCC_ATTRIBUTE_SYSV_ABI 1
| #define HAVE_GCC_DEFAULT_ABI_IS_SYSV_ABI 1
| #define HAVE_GCC_INLINE_ASM_SSSE3 1
| #define HAVE_GCC_INLINE_ASM_PCLMUL 1
| #define HAVE_GCC_INLINE_ASM_SHAEXT 1
| #define HAVE_GCC_INLINE_ASM_SSE41 1
| #define HAVE_GCC_INLINE_ASM_AVX 1
| #define HAVE_GCC_INLINE_ASM_AVX2 1
| #define HAVE_GCC_INLINE_ASM_VAES_VPCLMUL 1
| #define HAVE_GCC_INLINE_ASM_BMI2 1
| #define HAVE_COMPATIBLE_GCC_AMD64_PLATFORM_AS 1
| #define HAVE_INTEL_SYNTAX_PLATFORM_AS 1
| #define HAVE_VPRINTF 1
| #define HAVE_STPCPY 1
| #define HAVE_STRCASECMP 1
| #define HAVE_STRTOUL 1
| #define HAVE_MEMMOVE 1
| #define HAVE_ATEXIT 1
| #define HAVE_RAISE 1
| #define HAVE_STRERROR 1
| #define HAVE_RAND 1
| #define HAVE_MMAP 1
| #define HAVE_GETPAGESIZE 1
| #define HAVE_SYSCONF 1
| #define HAVE_WAITPID 1
| #define HAVE_WAIT4 1
| #define HAVE_GETTIMEOFDAY 1
| #define HAVE_GETRUSAGE 1
| #define HAVE_CLOCK_GETTIME 1
| #define HAVE_SYSLOG 1
| #define HAVE_SYSCALL 1
| #define HAVE_FCNTL 1
| #define HAVE_FTRUNCATE 1
| #define HAVE_FLOCKFILE 1
| #define HAVE_GETAUXVAL 1
| #define HAVE_EXPLICIT_BZERO 1
| /* end confdefs.h.  */
| /* Define explicit_memset to an innocuous variant, in case <limits.h> declares explicit_memset.
|    For example, HP-UX 11i <limits.h> declares gettimeofday.  */
| #define explicit_memset innocuous_explicit_memset
| 
| /* System header to define __stub macros and hopefully few prototypes,
|     which can conflict with char explicit_memset (); below.
|     Prefer <limits.h> to <assert.h> if __STDC__ is defined, since
|     <limits.h> exists even on freestanding compilers.  */
| 
| #ifdef __STDC__
| # include <limits.h>
| #else
| # include <assert.h>
| #endif
| 
| #undef explicit_memset
| 
| /* Override any GCC internal prototype to avoid an error.
|    Use char because int might match the return type of a GCC
|    builtin and then its argument prototype would still apply.  */
| #ifdef __cplusplus
| extern "C"
| #endif
| char explicit_memset ();
| /* The GNU C library defines this for functions which it implements
|     to always fail with ENOSYS.  Some functions are actually named
|     something starting with __ and the normal name is an alias.  */
| #if defined __stub_explicit_memset || defined __stub___explicit_memset
| choke me
| #endif
| 
| int
| main ()
| {
| return explicit_memset ();
|   ;
|   return 0;
| }
configure:14848: result: no
configure:14848: checking for getentropy
configure:14848: gclang -o conftest -g -O2 -fvisibility=hidden   conftest.c  >&5
configure:14848: $? = 0
configure:14848: result: yes
configure:14860: checking for mlock
configure:14860: gclang -o conftest -g -O2 -fvisibility=hidden   conftest.c  >&5
configure:14860: $? = 0
configure:14860: result: yes
configure:14984: checking for sysconf
configure:14984: result: yes
configure:14984: checking for getpagesize
configure:14984: result: yes
configure:14993: checking whether mlock is broken
configure:15042: gclang -o conftest -g -O2 -fvisibility=hidden   conftest.c  >&5
configure:15042: $? = 0
configure:15042: ./conftest
configure:15042: $? = 0
configure:15062: result: no
configure:15075: checking for getpid
configure:15075: gclang -o conftest -g -O2 -fvisibility=hidden   conftest.c  >&5
configure:15075: $? = 0
configure:15075: result: yes
configure:15088: checking for clock
configure:15088: gclang -o conftest -g -O2 -fvisibility=hidden   conftest.c  >&5
configure:15088: $? = 0
configure:15088: result: yes
configure:15265: checking for random device
configure:15273: result: yes
configure:15353: checking for cc features
configure:15357: checking if gcc supports -fno-delete-null-pointer-checks
configure:15372: gclang -c -fno-delete-null-pointer-checks  conftest.c >&5
configure:15372: $? = 0
configure:15378: result: yes
configure:15460: checking whether non excutable stack support is requested
configure:15469: result: yes
configure:15472: checking whether assembler supports --noexecstack option
configure:15482: gclang -g -O2 -fvisibility=hidden -fno-delete-null-pointer-checks -Wall 
                     -S -o conftest.s conftest.c >/dev/null
configure:15485: $? = 0
configure:15490: gclang -g -O2  -Wa,--noexecstack
                       -c -o conftest.o conftest.s >/dev/null
WARNING: We are skipping bitcode generation because the input file(s) are written in assembly.
configure:15493: $? = 0
configure:15502: result: yes
configure:17065: checking that generated files are newer than configure
configure:17071: result: done
configure:17215: creating ./config.status

## ---------------------- ##
## Running config.status. ##
## ---------------------- ##

This file was extended by libgcrypt config.status 1.10.1, which was
generated by GNU Autoconf 2.69.  Invocation command line was

  CONFIG_FILES    = 
  CONFIG_HEADERS  = 
  CONFIG_LINKS    = 
  CONFIG_COMMANDS = 
  $ ./config.status 

on DESKTOP-VCRP74U

config.status:1403: creating Makefile
config.status:1403: creating m4/Makefile
config.status:1403: creating compat/Makefile
config.status:1403: creating mpi/Makefile
config.status:1403: creating cipher/Makefile
config.status:1403: creating random/Makefile
config.status:1403: creating doc/Makefile
config.status:1403: creating src/Makefile
config.status:1403: creating src/gcrypt.h
config.status:1403: creating src/libgcrypt-config
config.status:1403: creating src/libgcrypt.pc
config.status:1403: creating src/versioninfo.rc
config.status:1403: creating tests/Makefile
config.status:1403: creating tests/hashtest-256g
config.status:1403: creating tests/basic-disable-all-hwf
config.status:1403: creating config.h
config.status:1584: config.h is unchanged
config.status:1644: linking mpi/amd64/mpih-add1.S to mpi/mpih-add1-asm.S
config.status:1644: linking mpi/amd64/mpih-sub1.S to mpi/mpih-sub1-asm.S
config.status:1644: linking mpi/amd64/mpih-mul1.S to mpi/mpih-mul1-asm.S
config.status:1644: linking mpi/amd64/mpih-mul2.S to mpi/mpih-mul2-asm.S
config.status:1644: linking mpi/amd64/mpih-mul3.S to mpi/mpih-mul3-asm.S
config.status:1644: linking mpi/amd64/mpih-lshift.S to mpi/mpih-lshift-asm.S
config.status:1644: linking mpi/amd64/mpih-rshift.S to mpi/mpih-rshift-asm.S
config.status:1644: linking mpi/amd64/mpi-asm-defs.h to mpi/mpi-asm-defs.h
config.status:1663: executing depfiles commands
config.status:1740: cd compat       && sed -e '/# am--include-marker/d' Makefile         | make -f - am--depfiles
make: Nothing to be done for 'am--depfiles'.
config.status:1745: $? = 0
config.status:1740: cd mpi       && sed -e '/# am--include-marker/d' Makefile         | make -f - am--depfiles
make: Nothing to be done for 'am--depfiles'.
config.status:1745: $? = 0
config.status:1740: cd cipher       && sed -e '/# am--include-marker/d' Makefile         | make -f - am--depfiles
make: Nothing to be done for 'am--depfiles'.
config.status:1745: $? = 0
config.status:1740: cd random       && sed -e '/# am--include-marker/d' Makefile         | make -f - am--depfiles
make: Nothing to be done for 'am--depfiles'.
config.status:1745: $? = 0
config.status:1740: cd src       && sed -e '/# am--include-marker/d' Makefile         | make -f - am--depfiles
make: Nothing to be done for 'am--depfiles'.
config.status:1745: $? = 0
config.status:1740: cd tests       && sed -e '/# am--include-marker/d' Makefile         | make -f - am--depfiles
make: Nothing to be done for 'am--depfiles'.
config.status:1745: $? = 0
config.status:1663: executing libtool commands
config.status:1663: executing gcrypt-conf commands

## ---------------- ##
## Cache variables. ##
## ---------------- ##

ac_cv_build=x86_64-pc-linux-gnu
ac_cv_c_bigendian=no
ac_cv_c_compiler_gnu=yes
ac_cv_c_const=yes
ac_cv_c_inline=inline
ac_cv_env_CCASFLAGS_set=
ac_cv_env_CCASFLAGS_value=
ac_cv_env_CCAS_set=
ac_cv_env_CCAS_value=
ac_cv_env_CC_set=set
ac_cv_env_CC_value=gclang
ac_cv_env_CFLAGS_set=
ac_cv_env_CFLAGS_value=
ac_cv_env_CPPFLAGS_set=
ac_cv_env_CPPFLAGS_value=
ac_cv_env_CPP_set=
ac_cv_env_CPP_value=
ac_cv_env_LDFLAGS_set=
ac_cv_env_LDFLAGS_value=
ac_cv_env_LIBS_set=
ac_cv_env_LIBS_value=
ac_cv_env_SYSROOT_set=
ac_cv_env_SYSROOT_value=
ac_cv_env_build_alias_set=
ac_cv_env_build_alias_value=
ac_cv_env_host_alias_set=
ac_cv_env_host_alias_value=
ac_cv_env_target_alias_set=
ac_cv_env_target_alias_value=
ac_cv_func__doprnt=no
ac_cv_func_atexit=yes
ac_cv_func_clock=yes
ac_cv_func_clock_gettime=yes
ac_cv_func_elf_aux_info=no
ac_cv_func_explicit_bzero=yes
ac_cv_func_explicit_memset=no
ac_cv_func_fcntl=yes
ac_cv_func_flockfile=yes
ac_cv_func_ftruncate=yes
ac_cv_func_getauxval=yes
ac_cv_func_getentropy=yes
ac_cv_func_gethrtime=no
ac_cv_func_getpagesize=yes
ac_cv_func_getpid=yes
ac_cv_func_getrusage=yes
ac_cv_func_gettimeofday=yes
ac_cv_func_memmove=yes
ac_cv_func_mlock=yes
ac_cv_func_mmap=yes
ac_cv_func_raise=yes
ac_cv_func_rand=yes
ac_cv_func_stpcpy=yes
ac_cv_func_strcasecmp=yes
ac_cv_func_strerror=yes
ac_cv_func_stricmp=no
ac_cv_func_strtoul=yes
ac_cv_func_syscall=yes
ac_cv_func_sysconf=yes
ac_cv_func_syslog=yes
ac_cv_func_vprintf=yes
ac_cv_func_wait4=yes
ac_cv_func_waitpid=yes
ac_cv_have_dev_random=yes
ac_cv_header_dlfcn_h=yes
ac_cv_header_inttypes_h=yes
ac_cv_header_memory_h=yes
ac_cv_header_minix_config_h=no
ac_cv_header_stdc=yes
ac_cv_header_stdint_h=yes
ac_cv_header_stdlib_h=yes
ac_cv_header_string_h=yes
ac_cv_header_strings_h=yes
ac_cv_header_sys_auxv_h=yes
ac_cv_header_sys_random_h=yes
ac_cv_header_sys_socket_h=yes
ac_cv_header_sys_stat_h=yes
ac_cv_header_sys_types_h=yes
ac_cv_header_unistd_h=yes
ac_cv_host=x86_64-pc-linux-gnu
ac_cv_lib_pthread_pthread_create=yes
ac_cv_mpi_sflags=
ac_cv_objext=o
ac_cv_path_EGREP='/usr/bin/grep -E'
ac_cv_path_FGREP='/usr/bin/grep -F'
ac_cv_path_GPGRT_CONFIG=/usr/local/bin/gpgrt-config
ac_cv_path_GPG_ERROR_CONFIG=no
ac_cv_path_GREP=/usr/bin/grep
ac_cv_path_SED=/usr/bin/sed
ac_cv_path_install='/usr/bin/install -c'
ac_cv_path_mkdir=/usr/bin/mkdir
ac_cv_prog_AWK=gawk
ac_cv_prog_CPP='gclang -E'
ac_cv_prog_ac_ct_AR=ar
ac_cv_prog_ac_ct_CC=gclang
ac_cv_prog_ac_ct_MANIFEST_TOOL=mt
ac_cv_prog_ac_ct_OBJDUMP=objdump
ac_cv_prog_ac_ct_RANLIB=ranlib
ac_cv_prog_ac_ct_STRIP=strip
ac_cv_prog_cc_c89=
ac_cv_prog_cc_g=yes
ac_cv_prog_make_make_set=yes
ac_cv_safe_to_define___extensions__=yes
ac_cv_search_setsockopt='none required'
ac_cv_search_strerror='none required'
ac_cv_sizeof_uint64_t=8
ac_cv_sizeof_unsigned_int=4
ac_cv_sizeof_unsigned_long=8
ac_cv_sizeof_unsigned_long_long=8
ac_cv_sizeof_unsigned_short=2
ac_cv_sizeof_void_p=8
ac_cv_sys_symbol_underscore=no
ac_cv_type_byte=no
ac_cv_type_pid_t=yes
ac_cv_type_size_t=yes
ac_cv_type_socklen_t=yes
ac_cv_type_u16=no
ac_cv_type_u32=no
ac_cv_type_u64=no
ac_cv_type_uintptr_t=yes
ac_cv_type_ushort=yes
am_cv_CCAS_dependencies_compiler_type=gcc3
am_cv_CC_dependencies_compiler_type=gcc3
am_cv_make_support_nested_variables=yes
am_cv_prog_cc_c_o=yes
cl_cv_as_noexecstack=yes
gcry_cv_broken_alias_attribute=no
gcry_cv_broken_visibility_attribute=no
gcry_cv_cc_arm_arch_is_v6=n/a
gcry_cv_cc_ppc_altivec=n/a
gcry_cv_gcc_aarch64_platform_as_ok=no
gcry_cv_gcc_amd64_platform_as_ok=yes
gcry_cv_gcc_arm_platform_as_ok=no
gcry_cv_gcc_as_const_division_ok=yes
gcry_cv_gcc_asm_cfi_directives=yes
gcry_cv_gcc_asm_elf_directives=yes
gcry_cv_gcc_attribute_aligned=yes
gcry_cv_gcc_attribute_may_alias=yes
gcry_cv_gcc_attribute_ms_abi=yes
gcry_cv_gcc_attribute_packed=yes
gcry_cv_gcc_attribute_sysv_abi=yes
gcry_cv_gcc_default_abi_is_ms_abi=no
gcry_cv_gcc_default_abi_is_sysv_abi=yes
gcry_cv_gcc_has_f_visibility=yes
gcry_cv_gcc_inline_asm_aarch32_crypto=n/a
gcry_cv_gcc_inline_asm_aarch64_crypto=n/a
gcry_cv_gcc_inline_asm_aarch64_neon=n/a
gcry_cv_gcc_inline_asm_avx2=yes
gcry_cv_gcc_inline_asm_avx=yes
gcry_cv_gcc_inline_asm_bmi2=yes
gcry_cv_gcc_inline_asm_neon=n/a
gcry_cv_gcc_inline_asm_pclmul=yes
gcry_cv_gcc_inline_asm_ppc_altivec=n/a
gcry_cv_gcc_inline_asm_ppc_arch_3_00=n/a
gcry_cv_gcc_inline_asm_s390x=n/a
gcry_cv_gcc_inline_asm_s390x_vx=n/a
gcry_cv_gcc_inline_asm_shaext=yes
gcry_cv_gcc_inline_asm_sse41=yes
gcry_cv_gcc_inline_asm_ssse3=yes
gcry_cv_gcc_inline_asm_vaes_vpclmul=yes
gcry_cv_gcc_platform_as_ok_for_intel_syntax=yes
gcry_cv_have___asm__=yes
gcry_cv_have_asm=yes
gcry_cv_have_asm_volatile_memory=yes
gcry_cv_have_builtin_bswap32=yes
gcry_cv_have_builtin_bswap64=yes
gcry_cv_have_builtin_clz=yes
gcry_cv_have_builtin_clzl=yes
gcry_cv_have_builtin_ctz=yes
gcry_cv_have_builtin_ctzl=yes
gcry_cv_have_sync_synchronize=yes
gcry_cv_have_vla=yes
gcry_cv_visibility_attribute=yes
gnupg_cv_have_broken_mlock=no
gnupg_cv_uint64_c_works=yes
lt_cv_ar_at_file=@
lt_cv_archive_cmds_need_lc=no
lt_cv_deplibs_check_method=pass_all
lt_cv_file_magic_cmd='$MAGIC_CMD'
lt_cv_file_magic_test_file=
lt_cv_ld_reload_flag=-r
lt_cv_nm_interface='BSD nm'
lt_cv_objdir=.libs
lt_cv_path_LD=/usr/bin/ld
lt_cv_path_NM='/usr/bin/nm -B'
lt_cv_path_mainfest_tool=no
lt_cv_prog_compiler_c_o=yes
lt_cv_prog_compiler_c_o_RC=yes
lt_cv_prog_compiler_pic='-fPIC -DPIC'
lt_cv_prog_compiler_pic_works=yes
lt_cv_prog_compiler_rtti_exceptions=yes
lt_cv_prog_compiler_static_works=yes
lt_cv_prog_gnu_ld=yes
lt_cv_sharedlib_from_linklib_cmd='printf %s\n'
lt_cv_shlibpath_overrides_runpath=yes
lt_cv_sys_global_symbol_pipe='sed -n -e '\''s/^.*[	 ]\([ABCDGIRSTW][ABCDGIRSTW]*\)[	 ][	 ]*\([_A-Za-z][_A-Za-z0-9]*\)$/\1 \2 \2/p'\'' | sed '\''/ __gnu_lto/d'\'''
lt_cv_sys_global_symbol_to_c_name_address='sed -n -e '\''s/^: \([^ ]*\)[ ]*$/  {\"\1\", (void *) 0},/p'\'' -e '\''s/^[ABCDGIRSTW]* \([^ ]*\) \([^ ]*\)$/  {"\2", (void *) \&\2},/p'\'''
lt_cv_sys_global_symbol_to_c_name_address_lib_prefix='sed -n -e '\''s/^: \([^ ]*\)[ ]*$/  {\"\1\", (void *) 0},/p'\'' -e '\''s/^[ABCDGIRSTW]* \([^ ]*\) \(lib[^ ]*\)$/  {"\2", (void *) \&\2},/p'\'' -e '\''s/^[ABCDGIRSTW]* \([^ ]*\) \([^ ]*\)$/  {"lib\2", (void *) \&\2},/p'\'''
lt_cv_sys_global_symbol_to_cdecl='sed -n -e '\''s/^T .* \(.*\)$/extern int \1();/p'\'' -e '\''s/^[ABCDGIRSTW]* .* \(.*\)$/extern char \1;/p'\'''
lt_cv_sys_max_cmd_len=1572864
lt_cv_to_host_file_cmd=func_convert_file_noop
lt_cv_to_tool_file_cmd=func_convert_file_noop

## ----------------- ##
## Output variables. ##
## ----------------- ##

ACLOCAL='${SHELL} '\''/home/luwei/libgcrypt-1.10.1/build-aux/missing'\'' aclocal-1.16'
AMDEPBACKSLASH='\'
AMDEP_FALSE='#'
AMDEP_TRUE=''
AMTAR='$${TAR-tar}'
AM_BACKSLASH='\'
AM_DEFAULT_V='$(AM_DEFAULT_VERBOSITY)'
AM_DEFAULT_VERBOSITY='1'
AM_V='$(V)'
AR='ar'
AS='as'
AUTOCONF='${SHELL} '\''/home/luwei/libgcrypt-1.10.1/build-aux/missing'\'' autoconf'
AUTOHEADER='${SHELL} '\''/home/luwei/libgcrypt-1.10.1/build-aux/missing'\'' autoheader'
AUTOMAKE='${SHELL} '\''/home/luwei/libgcrypt-1.10.1/build-aux/missing'\'' automake-1.16'
AWK='gawk'
BUILD_DOC_FALSE='#'
BUILD_DOC_TRUE=''
BUILD_FILEVERSION='1,10,1,44558'
BUILD_REVISION='ae0e5678'
BUILD_TIMESTAMP='<none>'
BUILD_VERSION='1.10.1.44558'
CC='gclang'
CCAS='gclang'
CCASDEPMODE='depmode=gcc3'
CCASFLAGS='-g -O2'
CCDEPMODE='depmode=gcc3'
CC_FOR_BUILD='$(CC)'
CFLAGS='-g -O2 -fvisibility=hidden -fno-delete-null-pointer-checks -Wall'
CPP='gclang -E'
CPPFLAGS=''
CROSS_COMPILING_FALSE=''
CROSS_COMPILING_TRUE='#'
CYGPATH_W='echo'
DEFS='-DHAVE_CONFIG_H'
DEF_HMAC_BINARY_CHECK=''
DEPDIR='.deps'
DLLTOOL='false'
DL_LIBS=''
DSYMUTIL=''
DUMPBIN=''
ECHO_C=''
ECHO_N='-n'
ECHO_T=''
EGREP='/usr/bin/grep -E'
ENABLE_INSTRUMENTATION_MUNGING_FALSE='#'
ENABLE_INSTRUMENTATION_MUNGING_TRUE=''
ENABLE_O_FLAG_MUNGING_FALSE='#'
ENABLE_O_FLAG_MUNGING_TRUE=''
ENABLE_PPC_VCRYPTO_EXTRA_CFLAGS_FALSE=''
ENABLE_PPC_VCRYPTO_EXTRA_CFLAGS_TRUE='#'
ENABLE_RANDOM_DAEMON_FALSE=''
ENABLE_RANDOM_DAEMON_TRUE='#'
EXEEXT=''
EXEEXT_FOR_BUILD='$(EXEEXT)'
FGREP='/usr/bin/grep -F'
GCRYPT_CIPHERS=' arcfour.lo blowfish.lo cast5.lo des.lo rijndael.lo twofish.lo serpent.lo rfc2268.lo seed.lo camellia.lo camellia-glue.lo idea.lo salsa20.lo gost28147.lo chacha20.lo sm4.lo  arcfour-amd64.lo blowfish-amd64.lo cast5-amd64.lo des-amd64.lo rijndael-amd64.lo rijndael-ssse3-amd64.lo rijndael-ssse3-amd64-asm.lo rijndael-vaes.lo rijndael-vaes-avx2-amd64.lo rijndael-aesni.lo rijndael-padlock.lo twofish-amd64.lo twofish-avx2-amd64.lo serpent-sse2-amd64.lo serpent-avx2-amd64.lo camellia-aesni-avx-amd64.lo camellia-aesni-avx2-amd64.lo camellia-vaes-avx2-amd64.lo salsa20-amd64.lo chacha20-amd64-ssse3.lo chacha20-amd64-avx2.lo sm4-aesni-avx-amd64.lo sm4-aesni-avx2-amd64.lo'
GCRYPT_DIGESTS=' crc.lo gostr3411-94.lo stribog.lo md4.lo md5.lo rmd160.lo sha256.lo sha512.lo keccak.lo tiger.lo whirlpool.lo blake2.lo sm3.lo sha1.lo  crc-intel-pclmul.lo sha256-ssse3-amd64.lo sha256-avx-amd64.lo sha256-avx2-bmi2-amd64.lo sha256-intel-shaext.lo sha512-ssse3-amd64.lo sha512-avx-amd64.lo sha512-avx2-bmi2-amd64.lo whirlpool-sse2-amd64.lo blake2b-amd64-avx2.lo blake2s-amd64-avx.lo sm3-avx-bmi2-amd64.lo sha1-ssse3-amd64.lo sha1-avx-amd64.lo sha1-avx-bmi2-amd64.lo sha1-avx2-bmi2-amd64.lo sha1-intel-shaext.lo cipher-gcm-intel-pclmul.lo'
GCRYPT_HWF_MODULES='libgcrypt_la-hwf-x86.lo'
GCRYPT_KDFS=' scrypt.lo'
GCRYPT_PUBKEY_CIPHERS=' dsa.lo rsa.lo elgamal.lo                           ecc.lo ecc-curves.lo ecc-misc.lo                           ecc-ecdh.lo ecc-ecdsa.lo ecc-eddsa.lo ecc-gost.lo                           ecc-sm2.lo'
GCRYPT_RANDOM=' rndgetentropy.lo'
GPGRT_CONFIG='/usr/local/bin/gpgrt-config --libdir=/usr/local/lib'
GPG_ERROR_CFLAGS='-I/usr/local/include'
GPG_ERROR_CONFIG='/usr/local/bin/gpgrt-config --libdir=/usr/local/lib gpg-error'
GPG_ERROR_LIBS='-L/usr/local/lib -lgpg-error'
GPG_ERROR_MT_CFLAGS='-I/usr/local/include '
GPG_ERROR_MT_LIBS='-L/usr/local/lib -lgpg-error -pthread'
GREP='/usr/bin/grep'
HAVE_LD_VERSION_SCRIPT_FALSE='#'
HAVE_LD_VERSION_SCRIPT_TRUE=''
HAVE_W32CE_SYSTEM_FALSE=''
HAVE_W32CE_SYSTEM_TRUE='#'
HAVE_W32_SYSTEM_FALSE=''
HAVE_W32_SYSTEM_TRUE='#'
INSTALL_DATA='${INSTALL} -m 644'
INSTALL_PROGRAM='${INSTALL}'
INSTALL_SCRIPT='${INSTALL}'
INSTALL_STRIP_PROGRAM='$(install_sh) -c -s'
LD='/usr/bin/ld -m elf_x86_64'
LDADD_FOR_TESTS_KLUDGE=''
LDFLAGS=''
LIBGCRYPT_CIPHERS='arcfour blowfish cast5 des aes twofish serpent rfc2268 seed camellia idea salsa20 gost28147 chacha20 sm4'
LIBGCRYPT_CONFIG_API_VERSION='1'
LIBGCRYPT_CONFIG_CFLAGS=''
LIBGCRYPT_CONFIG_HOST='x86_64-pc-linux-gnu'
LIBGCRYPT_CONFIG_LIBS='-lgcrypt'
LIBGCRYPT_DIGESTS='crc gostr3411-94  md4 md5 rmd160 sha1 sha256 sha512 sha3 tiger whirlpool stribog blake2 sm3'
LIBGCRYPT_LT_AGE='4'
LIBGCRYPT_LT_CURRENT='24'
LIBGCRYPT_LT_REVISION='1'
LIBGCRYPT_PUBKEY_CIPHERS='dsa elgamal rsa ecc'
LIBGCRYPT_THREAD_MODULES=''
LIBOBJS=''
LIBS=''
LIBTOOL='$(SHELL) $(top_builddir)/libtool'
LIPO=''
LN_S='ln -s'
LTLIBOBJS=''
MAINT='#'
MAINTAINER_MODE_FALSE=''
MAINTAINER_MODE_TRUE='#'
MAKEINFO='${SHELL} '\''/home/luwei/libgcrypt-1.10.1/build-aux/missing'\'' makeinfo'
MANIFEST_TOOL=':'
MKDIR_P='/usr/bin/mkdir -p'
MPI_MOD_ASM_MPIH_ADD1_FALSE='#'
MPI_MOD_ASM_MPIH_ADD1_TRUE=''
MPI_MOD_ASM_MPIH_LSHIFT_FALSE='#'
MPI_MOD_ASM_MPIH_LSHIFT_TRUE=''
MPI_MOD_ASM_MPIH_MUL1_FALSE='#'
MPI_MOD_ASM_MPIH_MUL1_TRUE=''
MPI_MOD_ASM_MPIH_MUL2_FALSE='#'
MPI_MOD_ASM_MPIH_MUL2_TRUE=''
MPI_MOD_ASM_MPIH_MUL3_FALSE='#'
MPI_MOD_ASM_MPIH_MUL3_TRUE=''
MPI_MOD_ASM_MPIH_RSHIFT_FALSE='#'
MPI_MOD_ASM_MPIH_RSHIFT_TRUE=''
MPI_MOD_ASM_MPIH_SUB1_FALSE='#'
MPI_MOD_ASM_MPIH_SUB1_TRUE=''
MPI_MOD_ASM_UDIV_FALSE=''
MPI_MOD_ASM_UDIV_QRNND_FALSE=''
MPI_MOD_ASM_UDIV_QRNND_TRUE='#'
MPI_MOD_ASM_UDIV_TRUE='#'
MPI_MOD_C_MPIH_ADD1_FALSE=''
MPI_MOD_C_MPIH_ADD1_TRUE='#'
MPI_MOD_C_MPIH_LSHIFT_FALSE=''
MPI_MOD_C_MPIH_LSHIFT_TRUE='#'
MPI_MOD_C_MPIH_MUL1_FALSE=''
MPI_MOD_C_MPIH_MUL1_TRUE='#'
MPI_MOD_C_MPIH_MUL2_FALSE=''
MPI_MOD_C_MPIH_MUL2_TRUE='#'
MPI_MOD_C_MPIH_MUL3_FALSE=''
MPI_MOD_C_MPIH_MUL3_TRUE='#'
MPI_MOD_C_MPIH_RSHIFT_FALSE=''
MPI_MOD_C_MPIH_RSHIFT_TRUE='#'
MPI_MOD_C_MPIH_SUB1_FALSE=''
MPI_MOD_C_MPIH_SUB1_TRUE='#'
MPI_MOD_C_UDIV_FALSE=''
MPI_MOD_C_UDIV_QRNND_FALSE=''
MPI_MOD_C_UDIV_QRNND_TRUE='#'
MPI_MOD_C_UDIV_TRUE='#'
MPI_SFLAGS=''
NM='/usr/bin/nm -B'
NMEDIT=''
NOEXECSTACK_FLAGS='-Wa,--noexecstack'
OBJCOPY=''
OBJDUMP='objdump'
OBJEXT='o'
OTOOL64=''
OTOOL=''
PACKAGE='libgcrypt'
PACKAGE_BUGREPORT='https://bugs.gnupg.org'
PACKAGE_NAME='libgcrypt'
PACKAGE_STRING='libgcrypt 1.10.1'
PACKAGE_TARNAME='libgcrypt'
PACKAGE_URL=''
PACKAGE_VERSION='1.10.1'
PATH_SEPARATOR=':'
PTH_CFLAGS=''
PTH_CONFIG=''
PTH_LIBS=''
RANLIB='ranlib'
RC=''
READELF=''
RUN_LARGE_DATA_TESTS='no'
SED='/usr/bin/sed'
SET_MAKE=''
SHELL='/bin/bash'
STRIP='strip'
SYSROOT=''
USE_HMAC_BINARY_CHECK_FALSE=''
USE_HMAC_BINARY_CHECK_TRUE='#'
VERSION='1.10.1'
VERSION_NUMBER='0x010a01'
ac_ct_AR='ar'
ac_ct_CC='gclang'
ac_ct_DUMPBIN=''
am__EXEEXT_FALSE=''
am__EXEEXT_TRUE='#'
am__fastdepCCAS_FALSE='#'
am__fastdepCCAS_TRUE=''
am__fastdepCC_FALSE='#'
am__fastdepCC_TRUE=''
am__include='include'
am__isrc=''
am__leading_dot='.'
am__nodep='_no'
am__quote=''
am__tar='$${TAR-tar} chof - "$$tardir"'
am__untar='$${TAR-tar} xf -'
bindir='${exec_prefix}/bin'
build='x86_64-pc-linux-gnu'
build_alias=''
build_cpu='x86_64'
build_os='linux-gnu'
build_vendor='pc'
datadir='${datarootdir}'
datarootdir='${prefix}/share'
docdir='${datarootdir}/doc/${PACKAGE_TARNAME}'
dvidir='${docdir}'
emacs_local_vars_begin='Local Variables:'
emacs_local_vars_end='End:'
emacs_local_vars_read_only='buffer-read-only: t'
exec_prefix='${prefix}'
host='x86_64-pc-linux-gnu'
host_alias=''
host_cpu='x86_64'
host_os='linux-gnu'
host_vendor='pc'
htmldir='${docdir}'
includedir='${prefix}/include'
infodir='${datarootdir}/info'
install_sh='${SHELL} /home/luwei/libgcrypt-1.10.1/build-aux/install-sh'
libdir='${exec_prefix}/lib'
libexecdir='${exec_prefix}/libexec'
localedir='${datarootdir}/locale'
localstatedir='${prefix}/var'
mandir='${datarootdir}/man'
mkdir_p='$(MKDIR_P)'
oldincludedir='/usr/include'
pdfdir='${docdir}'
prefix='/usr/local'
program_transform_name='s,x,x,'
psdir='${docdir}'
runstatedir='${localstatedir}/run'
sbindir='${exec_prefix}/sbin'
sharedstatedir='${prefix}/com'
sysconfdir='${prefix}/etc'
target_alias=''

## ----------- ##
## confdefs.h. ##
## ----------- ##

/* confdefs.h */
#define PACKAGE_NAME "libgcrypt"
#define PACKAGE_TARNAME "libgcrypt"
#define PACKAGE_VERSION "1.10.1"
#define PACKAGE_STRING "libgcrypt 1.10.1"
#define PACKAGE_BUGREPORT "https://bugs.gnupg.org"
#define PACKAGE_URL ""
#define PACKAGE "libgcrypt"
#define VERSION "1.10.1"
#define STDC_HEADERS 1
#define HAVE_SYS_TYPES_H 1
#define HAVE_SYS_STAT_H 1
#define HAVE_STDLIB_H 1
#define HAVE_STRING_H 1
#define HAVE_MEMORY_H 1
#define HAVE_STRINGS_H 1
#define HAVE_INTTYPES_H 1
#define HAVE_STDINT_H 1
#define HAVE_UNISTD_H 1
#define __EXTENSIONS__ 1
#define _ALL_SOURCE 1
#define _GNU_SOURCE 1
#define _POSIX_PTHREAD_SEMANTICS 1
#define _TANDEM_SOURCE 1
#define HAVE_DLFCN_H 1
#define LT_OBJDIR ".libs/"
#define SIZEOF_UNSIGNED_SHORT 2
#define SIZEOF_UNSIGNED_INT 4
#define SIZEOF_UNSIGNED_LONG 8
#define SIZEOF_UNSIGNED_LONG_LONG 8
#define SIZEOF_VOID_P 8
#define HAVE_UINTPTR_T 1
#define SIZEOF_UINT64_T 8
#define EGD_SOCKET_NAME ""
#define FIPS_MODULE_VERSION ""
#define PRINTABLE_OS_NAME "GNU/Linux"
#define NAME_OF_DEV_RANDOM "/dev/random"
#define NAME_OF_DEV_URANDOM "/dev/urandom"
#define GPG_ERR_SOURCE_DEFAULT GPG_ERR_SOURCE_GCRYPT
#define HAVE_PTHREAD 1 
#define HAVE_UNISTD_H 1
#define HAVE_SYS_AUXV_H 1
#define HAVE_SYS_RANDOM_H 1
#define HAVE_USHORT 1
#define HAVE_SYS_SOCKET_H 1
#define HAVE_BUILTIN_BSWAP32 1
#define HAVE_BUILTIN_BSWAP64 1
#define HAVE_BUILTIN_CTZ 1
#define HAVE_BUILTIN_CTZL 1
#define HAVE_BUILTIN_CLZ 1
#define HAVE_BUILTIN_CLZL 1
#define HAVE_SYNC_SYNCHRONIZE 1
#define HAVE_VLA 1
#define GCRY_USE_VISIBILITY 1
#define HAVE_GCC_ATTRIBUTE_ALIGNED 1
#define HAVE_GCC_ATTRIBUTE_PACKED 1
#define HAVE_GCC_ATTRIBUTE_MAY_ALIAS 1
#define HAVE_GCC_ASM_VOLATILE_MEMORY 1
#define HAVE_GCC_ASM_CFI_DIRECTIVES 1
#define HAVE_GCC_ASM_ELF_DIRECTIVES 1
#define HAVE_GCC_ATTRIBUTE_MS_ABI 1
#define HAVE_GCC_ATTRIBUTE_SYSV_ABI 1
#define HAVE_GCC_DEFAULT_ABI_IS_SYSV_ABI 1
#define HAVE_GCC_INLINE_ASM_SSSE3 1
#define HAVE_GCC_INLINE_ASM_PCLMUL 1
#define HAVE_GCC_INLINE_ASM_SHAEXT 1
#define HAVE_GCC_INLINE_ASM_SSE41 1
#define HAVE_GCC_INLINE_ASM_AVX 1
#define HAVE_GCC_INLINE_ASM_AVX2 1
#define HAVE_GCC_INLINE_ASM_VAES_VPCLMUL 1
#define HAVE_GCC_INLINE_ASM_BMI2 1
#define HAVE_COMPATIBLE_GCC_AMD64_PLATFORM_AS 1
#define HAVE_INTEL_SYNTAX_PLATFORM_AS 1
#define HAVE_VPRINTF 1
#define HAVE_STPCPY 1
#define HAVE_STRCASECMP 1
#define HAVE_STRTOUL 1
#define HAVE_MEMMOVE 1
#define HAVE_ATEXIT 1
#define HAVE_RAISE 1
#define HAVE_STRERROR 1
#define HAVE_RAND 1
#define HAVE_MMAP 1
#define HAVE_GETPAGESIZE 1
#define HAVE_SYSCONF 1
#define HAVE_WAITPID 1
#define HAVE_WAIT4 1
#define HAVE_GETTIMEOFDAY 1
#define HAVE_GETRUSAGE 1
#define HAVE_CLOCK_GETTIME 1
#define HAVE_SYSLOG 1
#define HAVE_SYSCALL 1
#define HAVE_FCNTL 1
#define HAVE_FTRUNCATE 1
#define HAVE_FLOCKFILE 1
#define HAVE_GETAUXVAL 1
#define HAVE_EXPLICIT_BZERO 1
#define HAVE_GETENTROPY 1
#define HAVE_MLOCK 1
#define HAVE_SYSCONF 1
#define HAVE_GETPAGESIZE 1
#define HAVE_GETPID 1
#define HAVE_CLOCK 1
#define HAVE_DEV_RANDOM 1
#define ENABLE_AESNI_SUPPORT 1
#define ENABLE_SHAEXT_SUPPORT 1
#define ENABLE_PCLMUL_SUPPORT 1
#define ENABLE_SSE41_SUPPORT 1
#define ENABLE_AVX_SUPPORT 1
#define ENABLE_AVX2_SUPPORT 1
#define ENABLE_JENT_SUPPORT 1
#define ENABLE_PADLOCK_SUPPORT 1
#define ENABLE_DRNG_SUPPORT 1
#define USE_ARCFOUR 1
#define USE_BLOWFISH 1
#define USE_CAST5 1
#define USE_DES 1
#define USE_AES 1
#define USE_TWOFISH 1
#define USE_SERPENT 1
#define USE_RFC2268 1
#define USE_SEED 1
#define USE_CAMELLIA 1
#define USE_IDEA 1
#define USE_SALSA20 1
#define USE_GOST28147 1
#define USE_CHACHA20 1
#define USE_SM4 1
#define USE_DSA 1
#define USE_RSA 1
#define USE_ELGAMAL 1
#define USE_ECC 1
#define USE_CRC 1
#define USE_GOST_R_3411_94 1
#define USE_GOST_R_3411_12 1
#define USE_MD4 1
#define USE_MD5 1
#define USE_RMD160 1
#define USE_SHA256 1
#define USE_SHA512 1
#define USE_SHA3 1
#define USE_TIGER 1
#define USE_WHIRLPOOL 1
#define USE_BLAKE2 1
#define USE_SM3 1
#define USE_SHA1 1
#define USE_SCRYPT 1
#define USE_RNDGETENTROPY 1
#define LIBGCRYPT_CIPHERS "arcfour:blowfish:cast5:des:aes:twofish:serpent:rfc2268:seed:camellia:idea:salsa20:gost28147:chacha20:sm4"
#define LIBGCRYPT_PUBKEY_CIPHERS "dsa:elgamal:rsa:ecc"
#define LIBGCRYPT_DIGESTS "crc:gostr3411-94::md4:md5:rmd160:sha1:sha256:sha512:sha3:tiger:whirlpool:stribog:blake2:sm3"
#define LIBGCRYPT_KDFS "s2k:pkdf2:scrypt"
#define HAVE_CPU_ARCH_X86 1
#define BUILD_REVISION "ae0e5678"
#define BUILD_TIMESTAMP "<none>"

configure: exit 0
